2024-09-07T17:17:22.393+09:00  INFO 10667 --- [faq-service] [restartedMain] c.k.d.f.FaqServiceModuleApplication      : The following 1 profile is active: "local"
2024-09-07T17:17:22.825+09:00  INFO 10667 --- [faq-service] [restartedMain] .s.d.r.c.RepositoryConfigurationDelegate : Bootstrapping Spring Data JPA repositories in DEFAULT mode.
2024-09-07T17:17:22.842+09:00  INFO 10667 --- [faq-service] [restartedMain] .s.d.r.c.RepositoryConfigurationDelegate : Finished Spring Data repository scanning in 13 ms. Found 1 JPA repository interface.
2024-09-07T17:17:22.921+09:00  INFO 10667 --- [faq-service] [restartedMain] o.s.cloud.context.scope.GenericScope     : BeanFactory id=4c1050b0-ab70-3143-9e6f-8dd475d4be44
2024-09-07T17:17:23.243+09:00  INFO 10667 --- [faq-service] [restartedMain] o.s.b.w.embedded.tomcat.TomcatWebServer  : Tomcat initialized with port 8081 (http)
2024-09-07T17:17:23.249+09:00  INFO 10667 --- [faq-service] [restartedMain] o.apache.catalina.core.StandardService   : Starting service [Tomcat]
2024-09-07T17:17:23.249+09:00  INFO 10667 --- [faq-service] [restartedMain] o.apache.catalina.core.StandardEngine    : Starting Servlet engine: [Apache Tomcat/10.1.25]
2024-09-07T17:17:23.280+09:00  INFO 10667 --- [faq-service] [restartedMain] o.a.c.c.C.[Tomcat].[localhost].[/]       : Initializing Spring embedded WebApplicationContext
2024-09-07T17:17:23.280+09:00  INFO 10667 --- [faq-service] [restartedMain] w.s.c.ServletWebServerApplicationContext : Root WebApplicationContext: initialization completed in 881 ms
2024-09-07T17:17:23.411+09:00  INFO 10667 --- [faq-service] [restartedMain] o.hibernate.jpa.internal.util.LogHelper  : HHH000204: Processing PersistenceUnitInfo [name: default]
2024-09-07T17:17:23.441+09:00  INFO 10667 --- [faq-service] [restartedMain] org.hibernate.Version                    : HHH000412: Hibernate ORM core version 6.5.2.Final
2024-09-07T17:17:23.460+09:00  INFO 10667 --- [faq-service] [restartedMain] o.h.c.internal.RegionFactoryInitiator    : HHH000026: Second-level cache disabled
2024-09-07T17:17:23.597+09:00  INFO 10667 --- [faq-service] [restartedMain] o.s.o.j.p.SpringPersistenceUnitInfo      : No LoadTimeWeaver setup: ignoring JPA class transformer
2024-09-07T17:17:23.612+09:00  INFO 10667 --- [faq-service] [restartedMain] com.zaxxer.hikari.HikariDataSource       : HikariPool-1 - Starting...
2024-09-07T17:17:23.670+09:00  INFO 10667 --- [faq-service] [restartedMain] com.zaxxer.hikari.pool.HikariPool        : HikariPool-1 - Added connection org.mariadb.jdbc.Connection@2dbb2035
2024-09-07T17:17:23.671+09:00  INFO 10667 --- [faq-service] [restartedMain] com.zaxxer.hikari.HikariDataSource       : HikariPool-1 - Start completed.
2024-09-07T17:17:23.685+09:00  WARN 10667 --- [faq-service] [restartedMain] org.hibernate.orm.deprecation            : HHH90000025: MariaDB106Dialect does not need to be specified explicitly using 'hibernate.dialect' (remove the property setting and it will be selected by default)
2024-09-07T17:17:23.686+09:00  WARN 10667 --- [faq-service] [restartedMain] org.hibernate.orm.deprecation            : HHH90000026: MariaDB106Dialect has been deprecated; use org.hibernate.dialect.MariaDBDialect instead
2024-09-07T17:17:24.055+09:00  INFO 10667 --- [faq-service] [restartedMain] o.h.e.t.j.p.i.JtaPlatformInitiator       : HHH000489: No JTA platform available (set 'hibernate.transaction.jta.platform' to enable JTA platform integration)
2024-09-07T17:17:24.139+09:00  INFO 10667 --- [faq-service] [restartedMain] j.LocalContainerEntityManagerFactoryBean : Initialized JPA EntityManagerFactory for persistence unit 'default'
2024-09-07T17:17:24.336+09:00  WARN 10667 --- [faq-service] [restartedMain] JpaBaseConfiguration$JpaWebConfiguration : spring.jpa.open-in-view is enabled by default. Therefore, database queries may be performed during view rendering. Explicitly configure spring.jpa.open-in-view to disable this warning
2024-09-07T17:17:24.905+09:00  WARN 10667 --- [faq-service] [restartedMain] o.s.b.d.a.OptionalLiveReloadServer       : Unable to start LiveReload server
2024-09-07T17:17:24.923+09:00  INFO 10667 --- [faq-service] [restartedMain] o.s.b.a.e.web.EndpointLinksResolver      : Exposing 3 endpoints beneath base path '/actuator'
2024-09-07T17:17:24.974+09:00  INFO 10667 --- [faq-service] [restartedMain] o.s.b.w.embedded.tomcat.TomcatWebServer  : Tomcat started on port 8081 (http) with context path '/'
2024-09-07T17:17:24.988+09:00  INFO 10667 --- [faq-service] [restartedMain] c.k.d.f.FaqServiceModuleApplication      : Started FaqServiceModuleApplication in 3.072 seconds (process running for 3.51)
2024-09-07T17:17:25.261+09:00  INFO 10667 --- [faq-service] [RMI TCP Connection(3)-127.0.0.1] o.a.c.c.C.[Tomcat].[localhost].[/]       : Initializing Spring DispatcherServlet 'dispatcherServlet'
2024-09-07T17:17:25.261+09:00  INFO 10667 --- [faq-service] [RMI TCP Connection(3)-127.0.0.1] o.s.web.servlet.DispatcherServlet        : Initializing Servlet 'dispatcherServlet'
2024-09-07T17:17:25.262+09:00  INFO 10667 --- [faq-service] [RMI TCP Connection(3)-127.0.0.1] o.s.web.servlet.DispatcherServlet        : Completed initialization in 1 ms
2024-09-07T17:17:32.294+09:00  INFO 10667 --- [faq-service] [http-nio-8081-exec-3] .e.DevToolsPropertyDefaultsPostProcessor : Devtools property defaults active! Set 'spring.devtools.add-properties' to 'false' to disable
2024-09-07T17:17:32.321+09:00  INFO 10667 --- [faq-service] [http-nio-8081-exec-3] c.c.c.ConfigServicePropertySourceLocator : Fetching config from server at : http://localhost:8080
2024-09-07T17:17:32.368+09:00  INFO 10667 --- [faq-service] [http-nio-8081-exec-3] c.c.c.ConfigServicePropertySourceLocator : Located environment: name=faq-service, profiles=[local], label=null, version=null, state=null
2024-09-07T17:17:32.368+09:00  INFO 10667 --- [faq-service] [http-nio-8081-exec-3] b.c.PropertySourceBootstrapConfiguration : Located property source: [BootstrapPropertySource {name='bootstrapProperties-configClient'}, BootstrapPropertySource {name='bootstrapProperties-classpath:/config/faq-service-local.yml'}, BootstrapPropertySource {name='bootstrapProperties-classpath:/config/faq-service.yml'}]
2024-09-07T17:17:32.375+09:00  INFO 10667 --- [faq-service] [http-nio-8081-exec-3] o.s.boot.SpringApplication               : The following 1 profile is active: "local"
2024-09-07T17:17:32.379+09:00  INFO 10667 --- [faq-service] [http-nio-8081-exec-3] o.s.boot.SpringApplication               : Started application in 0.113 seconds (process running for 10.901)
2024-09-07T17:17:32.448+09:00  INFO 10667 --- [faq-service] [http-nio-8081-exec-3] o.s.cloud.endpoint.RefreshEndpoint       : Refreshed keys : []
2024-09-07T17:17:45.205+09:00  INFO 10667 --- [faq-service] [http-nio-8081-exec-4] .e.DevToolsPropertyDefaultsPostProcessor : Devtools property defaults active! Set 'spring.devtools.add-properties' to 'false' to disable
2024-09-07T17:17:45.235+09:00  INFO 10667 --- [faq-service] [http-nio-8081-exec-4] c.c.c.ConfigServicePropertySourceLocator : Fetching config from server at : http://localhost:8080
2024-09-07T17:17:45.280+09:00  INFO 10667 --- [faq-service] [http-nio-8081-exec-4] c.c.c.ConfigServicePropertySourceLocator : Located environment: name=faq-service, profiles=[local], label=null, version=null, state=null
2024-09-07T17:17:45.281+09:00  INFO 10667 --- [faq-service] [http-nio-8081-exec-4] b.c.PropertySourceBootstrapConfiguration : Located property source: [BootstrapPropertySource {name='bootstrapProperties-configClient'}, BootstrapPropertySource {name='bootstrapProperties-classpath:/config/faq-service-local.yml'}, BootstrapPropertySource {name='bootstrapProperties-classpath:/config/faq-service.yml'}]
2024-09-07T17:17:45.286+09:00  INFO 10667 --- [faq-service] [http-nio-8081-exec-4] o.s.boot.SpringApplication               : The following 1 profile is active: "local"
2024-09-07T17:17:45.288+09:00  INFO 10667 --- [faq-service] [http-nio-8081-exec-4] o.s.boot.SpringApplication               : Started application in 0.128 seconds (process running for 23.811)
2024-09-07T17:17:45.372+09:00  INFO 10667 --- [faq-service] [http-nio-8081-exec-4] o.s.cloud.endpoint.RefreshEndpoint       : Refreshed keys : []
2024-09-07T17:17:47.926+09:00  INFO 10667 --- [faq-service] [http-nio-8081-exec-5] .e.DevToolsPropertyDefaultsPostProcessor : Devtools property defaults active! Set 'spring.devtools.add-properties' to 'false' to disable
2024-09-07T17:17:47.951+09:00  INFO 10667 --- [faq-service] [http-nio-8081-exec-5] c.c.c.ConfigServicePropertySourceLocator : Fetching config from server at : http://localhost:8080
2024-09-07T17:17:47.965+09:00  INFO 10667 --- [faq-service] [http-nio-8081-exec-5] c.c.c.ConfigServicePropertySourceLocator : Located environment: name=faq-service, profiles=[local], label=null, version=null, state=null
2024-09-07T17:17:47.965+09:00  INFO 10667 --- [faq-service] [http-nio-8081-exec-5] b.c.PropertySourceBootstrapConfiguration : Located property source: [BootstrapPropertySource {name='bootstrapProperties-configClient'}, BootstrapPropertySource {name='bootstrapProperties-classpath:/config/faq-service-local.yml'}, BootstrapPropertySource {name='bootstrapProperties-classpath:/config/faq-service.yml'}]
2024-09-07T17:17:47.971+09:00  INFO 10667 --- [faq-service] [http-nio-8081-exec-5] o.s.boot.SpringApplication               : The following 1 profile is active: "local"
2024-09-07T17:17:47.973+09:00  INFO 10667 --- [faq-service] [http-nio-8081-exec-5] o.s.boot.SpringApplication               : Started application in 0.082 seconds (process running for 26.496)
2024-09-07T17:17:48.052+09:00  INFO 10667 --- [faq-service] [http-nio-8081-exec-5] o.s.cloud.endpoint.RefreshEndpoint       : Refreshed keys : []
2024-09-07T17:17:49.491+09:00  INFO 10667 --- [faq-service] [http-nio-8081-exec-6] .e.DevToolsPropertyDefaultsPostProcessor : Devtools property defaults active! Set 'spring.devtools.add-properties' to 'false' to disable
2024-09-07T17:17:49.515+09:00  INFO 10667 --- [faq-service] [http-nio-8081-exec-6] c.c.c.ConfigServicePropertySourceLocator : Fetching config from server at : http://localhost:8080
2024-09-07T17:17:49.528+09:00  INFO 10667 --- [faq-service] [http-nio-8081-exec-6] c.c.c.ConfigServicePropertySourceLocator : Located environment: name=faq-service, profiles=[local], label=null, version=null, state=null
2024-09-07T17:17:49.528+09:00  INFO 10667 --- [faq-service] [http-nio-8081-exec-6] b.c.PropertySourceBootstrapConfiguration : Located property source: [BootstrapPropertySource {name='bootstrapProperties-configClient'}, BootstrapPropertySource {name='bootstrapProperties-classpath:/config/faq-service-local.yml'}, BootstrapPropertySource {name='bootstrapProperties-classpath:/config/faq-service.yml'}]
2024-09-07T17:17:49.534+09:00  INFO 10667 --- [faq-service] [http-nio-8081-exec-6] o.s.boot.SpringApplication               : The following 1 profile is active: "local"
2024-09-07T17:17:49.536+09:00  INFO 10667 --- [faq-service] [http-nio-8081-exec-6] o.s.boot.SpringApplication               : Started application in 0.082 seconds (process running for 28.059)
2024-09-07T17:17:49.595+09:00  INFO 10667 --- [faq-service] [http-nio-8081-exec-6] o.s.cloud.endpoint.RefreshEndpoint       : Refreshed keys : []
2024-09-07T17:18:01.111+09:00  INFO 10667 --- [faq-service] [http-nio-8081-exec-7] .e.DevToolsPropertyDefaultsPostProcessor : Devtools property defaults active! Set 'spring.devtools.add-properties' to 'false' to disable
2024-09-07T17:18:01.155+09:00  INFO 10667 --- [faq-service] [http-nio-8081-exec-7] c.c.c.ConfigServicePropertySourceLocator : Fetching config from server at : http://localhost:8080
2024-09-07T17:18:01.190+09:00  INFO 10667 --- [faq-service] [http-nio-8081-exec-7] c.c.c.ConfigServicePropertySourceLocator : Located environment: name=faq-service, profiles=[local], label=null, version=null, state=null
2024-09-07T17:18:01.191+09:00  INFO 10667 --- [faq-service] [http-nio-8081-exec-7] b.c.PropertySourceBootstrapConfiguration : Located property source: [BootstrapPropertySource {name='bootstrapProperties-configClient'}, BootstrapPropertySource {name='bootstrapProperties-classpath:/config/faq-service-local.yml'}, BootstrapPropertySource {name='bootstrapProperties-classpath:/config/faq-service.yml'}]
2024-09-07T17:18:01.196+09:00  INFO 10667 --- [faq-service] [http-nio-8081-exec-7] o.s.boot.SpringApplication               : The following 1 profile is active: "local"
2024-09-07T17:18:01.198+09:00  INFO 10667 --- [faq-service] [http-nio-8081-exec-7] o.s.boot.SpringApplication               : Started application in 0.123 seconds (process running for 39.722)
2024-09-07T17:18:01.290+09:00  INFO 10667 --- [faq-service] [http-nio-8081-exec-7] o.s.cloud.endpoint.RefreshEndpoint       : Refreshed keys : []
2024-09-07T17:18:02.818+09:00  INFO 10667 --- [faq-service] [http-nio-8081-exec-8] .e.DevToolsPropertyDefaultsPostProcessor : Devtools property defaults active! Set 'spring.devtools.add-properties' to 'false' to disable
2024-09-07T17:18:02.837+09:00  INFO 10667 --- [faq-service] [http-nio-8081-exec-8] c.c.c.ConfigServicePropertySourceLocator : Fetching config from server at : http://localhost:8080
2024-09-07T17:18:02.850+09:00  INFO 10667 --- [faq-service] [http-nio-8081-exec-8] c.c.c.ConfigServicePropertySourceLocator : Located environment: name=faq-service, profiles=[local], label=null, version=null, state=null
2024-09-07T17:18:02.850+09:00  INFO 10667 --- [faq-service] [http-nio-8081-exec-8] b.c.PropertySourceBootstrapConfiguration : Located property source: [BootstrapPropertySource {name='bootstrapProperties-configClient'}, BootstrapPropertySource {name='bootstrapProperties-classpath:/config/faq-service-local.yml'}, BootstrapPropertySource {name='bootstrapProperties-classpath:/config/faq-service.yml'}]
2024-09-07T17:18:02.858+09:00  INFO 10667 --- [faq-service] [http-nio-8081-exec-8] o.s.boot.SpringApplication               : The following 1 profile is active: "local"
2024-09-07T17:18:02.861+09:00  INFO 10667 --- [faq-service] [http-nio-8081-exec-8] o.s.boot.SpringApplication               : Started application in 0.074 seconds (process running for 41.385)
2024-09-07T17:18:02.930+09:00  INFO 10667 --- [faq-service] [http-nio-8081-exec-8] o.s.cloud.endpoint.RefreshEndpoint       : Refreshed keys : []
2024-09-07T17:18:19.368+09:00  INFO 10667 --- [faq-service] [RMI TCP Connection(5)-127.0.0.1] inMXBeanRegistrar$SpringApplicationAdmin : Application shutdown requested.
2024-09-07T17:18:19.405+09:00  INFO 10667 --- [faq-service] [RMI TCP Connection(5)-127.0.0.1] j.LocalContainerEntityManagerFactoryBean : Closing JPA EntityManagerFactory for persistence unit 'default'
2024-09-07T17:18:19.411+09:00  INFO 10667 --- [faq-service] [RMI TCP Connection(5)-127.0.0.1] com.zaxxer.hikari.HikariDataSource       : HikariPool-1 - Shutdown initiated...
2024-09-07T17:18:19.416+09:00  INFO 10667 --- [faq-service] [RMI TCP Connection(5)-127.0.0.1] com.zaxxer.hikari.HikariDataSource       : HikariPool-1 - Shutdown completed.
2024-09-07T17:18:19.417+09:00  INFO 10667 --- [faq-service] [RMI TCP Connection(5)-127.0.0.1] o.apache.catalina.core.StandardService   : Stopping service [Tomcat]
2024-09-07T17:18:19.418+09:00  INFO 10667 --- [faq-service] [RMI TCP Connection(5)-127.0.0.1] o.a.c.c.C.[Tomcat].[localhost].[/]       : Destroying Spring FrameworkServlet 'dispatcherServlet'
2024-09-07T17:18:20.858+09:00  INFO 10675 --- [faq-service] [restartedMain] c.k.d.f.FaqServiceModuleApplication      : The following 1 profile is active: "local"
2024-09-07T17:18:21.256+09:00  INFO 10675 --- [faq-service] [restartedMain] .s.d.r.c.RepositoryConfigurationDelegate : Bootstrapping Spring Data JPA repositories in DEFAULT mode.
2024-09-07T17:18:21.275+09:00  INFO 10675 --- [faq-service] [restartedMain] .s.d.r.c.RepositoryConfigurationDelegate : Finished Spring Data repository scanning in 15 ms. Found 1 JPA repository interface.
2024-09-07T17:18:21.346+09:00  INFO 10675 --- [faq-service] [restartedMain] o.s.cloud.context.scope.GenericScope     : BeanFactory id=4c1050b0-ab70-3143-9e6f-8dd475d4be44
2024-09-07T17:18:21.667+09:00  INFO 10675 --- [faq-service] [restartedMain] o.s.b.w.embedded.tomcat.TomcatWebServer  : Tomcat initialized with port 8081 (http)
2024-09-07T17:18:21.674+09:00  INFO 10675 --- [faq-service] [restartedMain] o.apache.catalina.core.StandardService   : Starting service [Tomcat]
2024-09-07T17:18:21.674+09:00  INFO 10675 --- [faq-service] [restartedMain] o.apache.catalina.core.StandardEngine    : Starting Servlet engine: [Apache Tomcat/10.1.25]
2024-09-07T17:18:21.698+09:00  INFO 10675 --- [faq-service] [restartedMain] o.a.c.c.C.[Tomcat].[localhost].[/]       : Initializing Spring embedded WebApplicationContext
2024-09-07T17:18:21.699+09:00  INFO 10675 --- [faq-service] [restartedMain] w.s.c.ServletWebServerApplicationContext : Root WebApplicationContext: initialization completed in 836 ms
2024-09-07T17:18:21.835+09:00  INFO 10675 --- [faq-service] [restartedMain] o.hibernate.jpa.internal.util.LogHelper  : HHH000204: Processing PersistenceUnitInfo [name: default]
2024-09-07T17:18:21.862+09:00  INFO 10675 --- [faq-service] [restartedMain] org.hibernate.Version                    : HHH000412: Hibernate ORM core version 6.5.2.Final
2024-09-07T17:18:21.882+09:00  INFO 10675 --- [faq-service] [restartedMain] o.h.c.internal.RegionFactoryInitiator    : HHH000026: Second-level cache disabled
2024-09-07T17:18:22.018+09:00  INFO 10675 --- [faq-service] [restartedMain] o.s.o.j.p.SpringPersistenceUnitInfo      : No LoadTimeWeaver setup: ignoring JPA class transformer
2024-09-07T17:18:22.031+09:00  INFO 10675 --- [faq-service] [restartedMain] com.zaxxer.hikari.HikariDataSource       : HikariPool-1 - Starting...
2024-09-07T17:18:22.060+09:00  INFO 10675 --- [faq-service] [restartedMain] com.zaxxer.hikari.pool.HikariPool        : HikariPool-1 - Added connection org.mariadb.jdbc.Connection@6b9db185
2024-09-07T17:18:22.061+09:00  INFO 10675 --- [faq-service] [restartedMain] com.zaxxer.hikari.HikariDataSource       : HikariPool-1 - Start completed.
2024-09-07T17:18:22.073+09:00  WARN 10675 --- [faq-service] [restartedMain] org.hibernate.orm.deprecation            : HHH90000025: MariaDB106Dialect does not need to be specified explicitly using 'hibernate.dialect' (remove the property setting and it will be selected by default)
2024-09-07T17:18:22.074+09:00  WARN 10675 --- [faq-service] [restartedMain] org.hibernate.orm.deprecation            : HHH90000026: MariaDB106Dialect has been deprecated; use org.hibernate.dialect.MariaDBDialect instead
2024-09-07T17:18:22.444+09:00  INFO 10675 --- [faq-service] [restartedMain] o.h.e.t.j.p.i.JtaPlatformInitiator       : HHH000489: No JTA platform available (set 'hibernate.transaction.jta.platform' to enable JTA platform integration)
2024-09-07T17:18:22.508+09:00  INFO 10675 --- [faq-service] [restartedMain] j.LocalContainerEntityManagerFactoryBean : Initialized JPA EntityManagerFactory for persistence unit 'default'
2024-09-07T17:18:22.710+09:00  WARN 10675 --- [faq-service] [restartedMain] JpaBaseConfiguration$JpaWebConfiguration : spring.jpa.open-in-view is enabled by default. Therefore, database queries may be performed during view rendering. Explicitly configure spring.jpa.open-in-view to disable this warning
2024-09-07T17:18:23.319+09:00  WARN 10675 --- [faq-service] [restartedMain] o.s.b.d.a.OptionalLiveReloadServer       : Unable to start LiveReload server
2024-09-07T17:18:23.395+09:00  INFO 10675 --- [faq-service] [restartedMain] o.s.b.a.e.web.EndpointLinksResolver      : Exposing 3 endpoints beneath base path '/actuator'
2024-09-07T17:18:23.450+09:00  INFO 10675 --- [faq-service] [restartedMain] o.s.b.w.embedded.tomcat.TomcatWebServer  : Tomcat started on port 8081 (http) with context path '/'
2024-09-07T17:18:23.464+09:00  INFO 10675 --- [faq-service] [restartedMain] c.k.d.f.FaqServiceModuleApplication      : Started FaqServiceModuleApplication in 3.032 seconds (process running for 3.3)
2024-09-07T17:18:23.987+09:00  INFO 10675 --- [faq-service] [RMI TCP Connection(3)-127.0.0.1] o.a.c.c.C.[Tomcat].[localhost].[/]       : Initializing Spring DispatcherServlet 'dispatcherServlet'
2024-09-07T17:18:23.987+09:00  INFO 10675 --- [faq-service] [RMI TCP Connection(3)-127.0.0.1] o.s.web.servlet.DispatcherServlet        : Initializing Servlet 'dispatcherServlet'
2024-09-07T17:18:23.988+09:00  INFO 10675 --- [faq-service] [RMI TCP Connection(3)-127.0.0.1] o.s.web.servlet.DispatcherServlet        : Completed initialization in 1 ms
2024-09-07T17:18:34.240+09:00  INFO 10675 --- [faq-service] [http-nio-8081-exec-1] .e.DevToolsPropertyDefaultsPostProcessor : Devtools property defaults active! Set 'spring.devtools.add-properties' to 'false' to disable
2024-09-07T17:18:34.273+09:00  INFO 10675 --- [faq-service] [http-nio-8081-exec-1] c.c.c.ConfigServicePropertySourceLocator : Fetching config from server at : http://localhost:8080
2024-09-07T17:18:34.296+09:00  INFO 10675 --- [faq-service] [http-nio-8081-exec-1] c.c.c.ConfigServicePropertySourceLocator : Located environment: name=faq-service, profiles=[local], label=null, version=null, state=null
2024-09-07T17:18:34.296+09:00  INFO 10675 --- [faq-service] [http-nio-8081-exec-1] b.c.PropertySourceBootstrapConfiguration : Located property source: [BootstrapPropertySource {name='bootstrapProperties-configClient'}, BootstrapPropertySource {name='bootstrapProperties-classpath:/config/faq-service-local.yml'}, BootstrapPropertySource {name='bootstrapProperties-classpath:/config/faq-service.yml'}]
2024-09-07T17:18:34.302+09:00  INFO 10675 --- [faq-service] [http-nio-8081-exec-1] o.s.boot.SpringApplication               : The following 1 profile is active: "local"
2024-09-07T17:18:34.305+09:00  INFO 10675 --- [faq-service] [http-nio-8081-exec-1] o.s.boot.SpringApplication               : Started application in 0.085 seconds (process running for 14.142)
2024-09-07T17:18:34.403+09:00  INFO 10675 --- [faq-service] [http-nio-8081-exec-1] o.s.cloud.endpoint.RefreshEndpoint       : Refreshed keys : []
2024-09-07T17:18:46.219+09:00  INFO 10675 --- [faq-service] [http-nio-8081-exec-3] .e.DevToolsPropertyDefaultsPostProcessor : Devtools property defaults active! Set 'spring.devtools.add-properties' to 'false' to disable
2024-09-07T17:18:46.257+09:00  INFO 10675 --- [faq-service] [http-nio-8081-exec-3] c.c.c.ConfigServicePropertySourceLocator : Fetching config from server at : http://localhost:8080
2024-09-07T17:18:46.279+09:00  INFO 10675 --- [faq-service] [http-nio-8081-exec-3] c.c.c.ConfigServicePropertySourceLocator : Located environment: name=faq-service, profiles=[local], label=null, version=null, state=null
2024-09-07T17:18:46.280+09:00  INFO 10675 --- [faq-service] [http-nio-8081-exec-3] b.c.PropertySourceBootstrapConfiguration : Located property source: [BootstrapPropertySource {name='bootstrapProperties-configClient'}, BootstrapPropertySource {name='bootstrapProperties-classpath:/config/faq-service-local.yml'}, BootstrapPropertySource {name='bootstrapProperties-classpath:/config/faq-service.yml'}]
2024-09-07T17:18:46.297+09:00  INFO 10675 --- [faq-service] [http-nio-8081-exec-3] o.s.boot.SpringApplication               : The following 1 profile is active: "local"
2024-09-07T17:18:46.300+09:00  INFO 10675 --- [faq-service] [http-nio-8081-exec-3] o.s.boot.SpringApplication               : Started application in 0.11 seconds (process running for 26.138)
2024-09-07T17:18:46.402+09:00  INFO 10675 --- [faq-service] [http-nio-8081-exec-3] o.s.cloud.endpoint.RefreshEndpoint       : Refreshed keys : []
2024-09-07T17:18:49.351+09:00  INFO 10675 --- [faq-service] [RMI TCP Connection(2)-127.0.0.1] inMXBeanRegistrar$SpringApplicationAdmin : Application shutdown requested.
2024-09-07T17:18:49.360+09:00  INFO 10675 --- [faq-service] [RMI TCP Connection(2)-127.0.0.1] j.LocalContainerEntityManagerFactoryBean : Closing JPA EntityManagerFactory for persistence unit 'default'
2024-09-07T17:18:49.371+09:00  INFO 10675 --- [faq-service] [RMI TCP Connection(2)-127.0.0.1] com.zaxxer.hikari.HikariDataSource       : HikariPool-1 - Shutdown initiated...
2024-09-07T17:18:49.380+09:00  INFO 10675 --- [faq-service] [RMI TCP Connection(2)-127.0.0.1] com.zaxxer.hikari.HikariDataSource       : HikariPool-1 - Shutdown completed.
2024-09-07T17:18:49.382+09:00  INFO 10675 --- [faq-service] [RMI TCP Connection(2)-127.0.0.1] o.apache.catalina.core.StandardService   : Stopping service [Tomcat]
2024-09-07T17:18:49.382+09:00  INFO 10675 --- [faq-service] [RMI TCP Connection(2)-127.0.0.1] o.a.c.c.C.[Tomcat].[localhost].[/]       : Destroying Spring FrameworkServlet 'dispatcherServlet'
2024-09-07T17:19:44.119+09:00  INFO 10687 --- [faq-service] [restartedMain] c.k.d.f.FaqServiceModuleApplication      : The following 1 profile is active: "local"
2024-09-07T17:19:44.549+09:00  INFO 10687 --- [faq-service] [restartedMain] .s.d.r.c.RepositoryConfigurationDelegate : Bootstrapping Spring Data JPA repositories in DEFAULT mode.
2024-09-07T17:19:44.569+09:00  INFO 10687 --- [faq-service] [restartedMain] .s.d.r.c.RepositoryConfigurationDelegate : Finished Spring Data repository scanning in 16 ms. Found 1 JPA repository interface.
2024-09-07T17:19:44.647+09:00  INFO 10687 --- [faq-service] [restartedMain] o.s.cloud.context.scope.GenericScope     : BeanFactory id=4c1050b0-ab70-3143-9e6f-8dd475d4be44
2024-09-07T17:19:44.964+09:00  INFO 10687 --- [faq-service] [restartedMain] o.s.b.w.embedded.tomcat.TomcatWebServer  : Tomcat initialized with port 8081 (http)
2024-09-07T17:19:44.971+09:00  INFO 10687 --- [faq-service] [restartedMain] o.apache.catalina.core.StandardService   : Starting service [Tomcat]
2024-09-07T17:19:44.971+09:00  INFO 10687 --- [faq-service] [restartedMain] o.apache.catalina.core.StandardEngine    : Starting Servlet engine: [Apache Tomcat/10.1.25]
2024-09-07T17:19:44.996+09:00  INFO 10687 --- [faq-service] [restartedMain] o.a.c.c.C.[Tomcat].[localhost].[/]       : Initializing Spring embedded WebApplicationContext
2024-09-07T17:19:44.997+09:00  INFO 10687 --- [faq-service] [restartedMain] w.s.c.ServletWebServerApplicationContext : Root WebApplicationContext: initialization completed in 871 ms
2024-09-07T17:19:45.137+09:00  INFO 10687 --- [faq-service] [restartedMain] o.hibernate.jpa.internal.util.LogHelper  : HHH000204: Processing PersistenceUnitInfo [name: default]
2024-09-07T17:19:45.164+09:00  INFO 10687 --- [faq-service] [restartedMain] org.hibernate.Version                    : HHH000412: Hibernate ORM core version 6.5.2.Final
2024-09-07T17:19:45.182+09:00  INFO 10687 --- [faq-service] [restartedMain] o.h.c.internal.RegionFactoryInitiator    : HHH000026: Second-level cache disabled
2024-09-07T17:19:45.326+09:00  INFO 10687 --- [faq-service] [restartedMain] o.s.o.j.p.SpringPersistenceUnitInfo      : No LoadTimeWeaver setup: ignoring JPA class transformer
2024-09-07T17:19:45.338+09:00  INFO 10687 --- [faq-service] [restartedMain] com.zaxxer.hikari.HikariDataSource       : HikariPool-1 - Starting...
2024-09-07T17:19:45.367+09:00  INFO 10687 --- [faq-service] [restartedMain] com.zaxxer.hikari.pool.HikariPool        : HikariPool-1 - Added connection org.mariadb.jdbc.Connection@119c342
2024-09-07T17:19:45.368+09:00  INFO 10687 --- [faq-service] [restartedMain] com.zaxxer.hikari.HikariDataSource       : HikariPool-1 - Start completed.
2024-09-07T17:19:45.380+09:00  WARN 10687 --- [faq-service] [restartedMain] org.hibernate.orm.deprecation            : HHH90000025: MariaDB106Dialect does not need to be specified explicitly using 'hibernate.dialect' (remove the property setting and it will be selected by default)
2024-09-07T17:19:45.380+09:00  WARN 10687 --- [faq-service] [restartedMain] org.hibernate.orm.deprecation            : HHH90000026: MariaDB106Dialect has been deprecated; use org.hibernate.dialect.MariaDBDialect instead
2024-09-07T17:19:45.796+09:00  INFO 10687 --- [faq-service] [restartedMain] o.h.e.t.j.p.i.JtaPlatformInitiator       : HHH000489: No JTA platform available (set 'hibernate.transaction.jta.platform' to enable JTA platform integration)
2024-09-07T17:19:45.937+09:00  INFO 10687 --- [faq-service] [restartedMain] j.LocalContainerEntityManagerFactoryBean : Initialized JPA EntityManagerFactory for persistence unit 'default'
2024-09-07T17:19:46.173+09:00  WARN 10687 --- [faq-service] [restartedMain] JpaBaseConfiguration$JpaWebConfiguration : spring.jpa.open-in-view is enabled by default. Therefore, database queries may be performed during view rendering. Explicitly configure spring.jpa.open-in-view to disable this warning
2024-09-07T17:19:46.723+09:00  WARN 10687 --- [faq-service] [restartedMain] o.s.b.d.a.OptionalLiveReloadServer       : Unable to start LiveReload server
2024-09-07T17:19:46.742+09:00  INFO 10687 --- [faq-service] [restartedMain] o.s.b.a.e.web.EndpointLinksResolver      : Exposing 3 endpoints beneath base path '/actuator'
2024-09-07T17:19:46.796+09:00  INFO 10687 --- [faq-service] [restartedMain] o.s.b.w.embedded.tomcat.TomcatWebServer  : Tomcat started on port 8081 (http) with context path '/'
2024-09-07T17:19:46.813+09:00  INFO 10687 --- [faq-service] [restartedMain] c.k.d.f.FaqServiceModuleApplication      : Started FaqServiceModuleApplication in 3.158 seconds (process running for 3.433)
2024-09-07T17:19:47.126+09:00  INFO 10687 --- [faq-service] [RMI TCP Connection(3)-127.0.0.1] o.a.c.c.C.[Tomcat].[localhost].[/]       : Initializing Spring DispatcherServlet 'dispatcherServlet'
2024-09-07T17:19:47.127+09:00  INFO 10687 --- [faq-service] [RMI TCP Connection(3)-127.0.0.1] o.s.web.servlet.DispatcherServlet        : Initializing Servlet 'dispatcherServlet'
2024-09-07T17:19:47.128+09:00  INFO 10687 --- [faq-service] [RMI TCP Connection(3)-127.0.0.1] o.s.web.servlet.DispatcherServlet        : Completed initialization in 0 ms
2024-09-07T17:19:53.699+09:00  INFO 10687 --- [faq-service] [http-nio-8081-exec-2] .e.DevToolsPropertyDefaultsPostProcessor : Devtools property defaults active! Set 'spring.devtools.add-properties' to 'false' to disable
2024-09-07T17:19:53.723+09:00  INFO 10687 --- [faq-service] [http-nio-8081-exec-2] c.c.c.ConfigServicePropertySourceLocator : Fetching config from server at : http://localhost:8080
2024-09-07T17:19:53.735+09:00  INFO 10687 --- [faq-service] [http-nio-8081-exec-2] c.c.c.ConfigServicePropertySourceLocator : Located environment: name=faq-service, profiles=[local], label=null, version=null, state=null
2024-09-07T17:19:53.736+09:00  INFO 10687 --- [faq-service] [http-nio-8081-exec-2] b.c.PropertySourceBootstrapConfiguration : Located property source: [BootstrapPropertySource {name='bootstrapProperties-configClient'}, BootstrapPropertySource {name='bootstrapProperties-classpath:/config/faq-service-local.yml'}, BootstrapPropertySource {name='bootstrapProperties-classpath:/config/faq-service.yml'}]
2024-09-07T17:19:53.742+09:00  INFO 10687 --- [faq-service] [http-nio-8081-exec-2] o.s.boot.SpringApplication               : The following 1 profile is active: "local"
2024-09-07T17:19:53.744+09:00  INFO 10687 --- [faq-service] [http-nio-8081-exec-2] o.s.boot.SpringApplication               : Started application in 0.075 seconds (process running for 10.364)
2024-09-07T17:19:53.824+09:00  INFO 10687 --- [faq-service] [http-nio-8081-exec-2] o.s.cloud.endpoint.RefreshEndpoint       : Refreshed keys : []
2024-09-07T17:20:10.222+09:00  INFO 10687 --- [faq-service] [http-nio-8081-exec-3] .e.DevToolsPropertyDefaultsPostProcessor : Devtools property defaults active! Set 'spring.devtools.add-properties' to 'false' to disable
2024-09-07T17:20:10.251+09:00  INFO 10687 --- [faq-service] [http-nio-8081-exec-3] c.c.c.ConfigServicePropertySourceLocator : Fetching config from server at : http://localhost:8080
2024-09-07T17:20:10.287+09:00  INFO 10687 --- [faq-service] [http-nio-8081-exec-3] c.c.c.ConfigServicePropertySourceLocator : Located environment: name=faq-service, profiles=[local], label=null, version=null, state=null
2024-09-07T17:20:10.288+09:00  INFO 10687 --- [faq-service] [http-nio-8081-exec-3] b.c.PropertySourceBootstrapConfiguration : Located property source: [BootstrapPropertySource {name='bootstrapProperties-configClient'}, BootstrapPropertySource {name='bootstrapProperties-classpath:/config/faq-service-local.yml'}, BootstrapPropertySource {name='bootstrapProperties-classpath:/config/faq-service.yml'}]
2024-09-07T17:20:10.294+09:00  INFO 10687 --- [faq-service] [http-nio-8081-exec-3] o.s.boot.SpringApplication               : The following 1 profile is active: "local"
2024-09-07T17:20:10.297+09:00  INFO 10687 --- [faq-service] [http-nio-8081-exec-3] o.s.boot.SpringApplication               : Started application in 0.131 seconds (process running for 26.918)
2024-09-07T17:20:10.370+09:00  INFO 10687 --- [faq-service] [http-nio-8081-exec-3] o.s.cloud.endpoint.RefreshEndpoint       : Refreshed keys : []
2024-09-07T17:24:21.379+09:00  INFO 10687 --- [faq-service] [RMI TCP Connection(9)-127.0.0.1] inMXBeanRegistrar$SpringApplicationAdmin : Application shutdown requested.
2024-09-07T17:24:21.434+09:00  INFO 10687 --- [faq-service] [RMI TCP Connection(9)-127.0.0.1] j.LocalContainerEntityManagerFactoryBean : Closing JPA EntityManagerFactory for persistence unit 'default'
2024-09-07T17:24:21.441+09:00  INFO 10687 --- [faq-service] [RMI TCP Connection(9)-127.0.0.1] com.zaxxer.hikari.HikariDataSource       : HikariPool-1 - Shutdown initiated...
2024-09-07T17:24:21.452+09:00  INFO 10687 --- [faq-service] [RMI TCP Connection(9)-127.0.0.1] com.zaxxer.hikari.HikariDataSource       : HikariPool-1 - Shutdown completed.
2024-09-07T17:24:21.455+09:00  INFO 10687 --- [faq-service] [RMI TCP Connection(9)-127.0.0.1] o.apache.catalina.core.StandardService   : Stopping service [Tomcat]
2024-09-07T17:24:21.457+09:00  INFO 10687 --- [faq-service] [RMI TCP Connection(9)-127.0.0.1] o.a.c.c.C.[Tomcat].[localhost].[/]       : Destroying Spring FrameworkServlet 'dispatcherServlet'
