2024-06-22T17:31:07.492+09:00  INFO 14764 --- [restartedMain] c.k.d.f.FaqServiceModuleApplication      : Starting FaqServiceModuleApplication using Java 17.0.5 with PID 14764 (/Users/ieunju/Documents/project/DevOpsHelper/DevOpsHelper/backend/DevOpsHelper/faq-service-module/bin/main started by ieunju in /Users/ieunju/Documents/project/DevOpsHelper/DevOpsHelper/backend/DevOpsHelper/faq-service-module)
2024-06-22T17:31:07.497+09:00  INFO 14764 --- [restartedMain] c.k.d.f.FaqServiceModuleApplication      : No active profile set, falling back to 1 default profile: "default"
2024-06-22T17:31:07.525+09:00  INFO 14764 --- [restartedMain] .e.DevToolsPropertyDefaultsPostProcessor : Devtools property defaults active! Set 'spring.devtools.add-properties' to 'false' to disable
2024-06-22T17:31:07.525+09:00  INFO 14764 --- [restartedMain] .e.DevToolsPropertyDefaultsPostProcessor : For additional web related logging consider setting the 'logging.level.web' property to 'DEBUG'
2024-06-22T17:31:07.820+09:00  INFO 14764 --- [restartedMain] .s.d.r.c.RepositoryConfigurationDelegate : Bootstrapping Spring Data JPA repositories in DEFAULT mode.
2024-06-22T17:31:07.849+09:00  INFO 14764 --- [restartedMain] .s.d.r.c.RepositoryConfigurationDelegate : Finished Spring Data repository scanning in 25 ms. Found 1 JPA repository interface.
2024-06-22T17:31:08.079+09:00  INFO 14764 --- [restartedMain] o.s.b.w.embedded.tomcat.TomcatWebServer  : Tomcat initialized with port 8080 (http)
2024-06-22T17:31:08.088+09:00  INFO 14764 --- [restartedMain] o.apache.catalina.core.StandardService   : Starting service [Tomcat]
2024-06-22T17:31:08.088+09:00  INFO 14764 --- [restartedMain] o.apache.catalina.core.StandardEngine    : Starting Servlet engine: [Apache Tomcat/10.1.24]
2024-06-22T17:31:08.109+09:00  INFO 14764 --- [restartedMain] o.a.c.c.C.[Tomcat].[localhost].[/]       : Initializing Spring embedded WebApplicationContext
2024-06-22T17:31:08.109+09:00  INFO 14764 --- [restartedMain] w.s.c.ServletWebServerApplicationContext : Root WebApplicationContext: initialization completed in 584 ms
2024-06-22T17:31:08.178+09:00  INFO 14764 --- [restartedMain] o.hibernate.jpa.internal.util.LogHelper  : HHH000204: Processing PersistenceUnitInfo [name: default]
2024-06-22T17:31:08.211+09:00  INFO 14764 --- [restartedMain] org.hibernate.Version                    : HHH000412: Hibernate ORM core version 6.5.2.Final
2024-06-22T17:31:08.227+09:00  INFO 14764 --- [restartedMain] o.h.c.internal.RegionFactoryInitiator    : HHH000026: Second-level cache disabled
2024-06-22T17:31:08.392+09:00  INFO 14764 --- [restartedMain] o.s.o.j.p.SpringPersistenceUnitInfo      : No LoadTimeWeaver setup: ignoring JPA class transformer
2024-06-22T17:31:08.405+09:00  INFO 14764 --- [restartedMain] com.zaxxer.hikari.HikariDataSource       : HikariPool-1 - Starting...
2024-06-22T17:31:08.479+09:00  INFO 14764 --- [restartedMain] com.zaxxer.hikari.pool.HikariPool        : HikariPool-1 - Added connection org.mariadb.jdbc.Connection@1e2babf2
2024-06-22T17:31:08.480+09:00  INFO 14764 --- [restartedMain] com.zaxxer.hikari.HikariDataSource       : HikariPool-1 - Start completed.
2024-06-22T17:31:08.493+09:00  WARN 14764 --- [restartedMain] org.hibernate.orm.deprecation            : HHH90000025: MariaDB106Dialect does not need to be specified explicitly using 'hibernate.dialect' (remove the property setting and it will be selected by default)
2024-06-22T17:31:08.493+09:00  WARN 14764 --- [restartedMain] org.hibernate.orm.deprecation            : HHH90000026: MariaDB106Dialect has been deprecated; use org.hibernate.dialect.MariaDBDialect instead
2024-06-22T17:31:08.870+09:00  INFO 14764 --- [restartedMain] o.h.e.t.j.p.i.JtaPlatformInitiator       : HHH000489: No JTA platform available (set 'hibernate.transaction.jta.platform' to enable JTA platform integration)
2024-06-22T17:31:08.958+09:00  INFO 14764 --- [restartedMain] j.LocalContainerEntityManagerFactoryBean : Initialized JPA EntityManagerFactory for persistence unit 'default'
2024-06-22T17:31:08.981+09:00  WARN 14764 --- [restartedMain] JpaBaseConfiguration$JpaWebConfiguration : spring.jpa.open-in-view is enabled by default. Therefore, database queries may be performed during view rendering. Explicitly configure spring.jpa.open-in-view to disable this warning
2024-06-22T17:31:09.220+09:00  INFO 14764 --- [restartedMain] o.s.b.d.a.OptionalLiveReloadServer       : LiveReload server is running on port 35729
2024-06-22T17:31:09.234+09:00  INFO 14764 --- [restartedMain] o.s.b.w.embedded.tomcat.TomcatWebServer  : Tomcat started on port 8080 (http) with context path '/'
2024-06-22T17:31:09.240+09:00  INFO 14764 --- [restartedMain] c.k.d.f.FaqServiceModuleApplication      : Started FaqServiceModuleApplication in 1.985 seconds (process running for 2.583)
2024-06-22T17:32:25.356+09:00  INFO 14764 --- [RMI TCP Connection(7)-127.0.0.1] inMXBeanRegistrar$SpringApplicationAdmin : Application shutdown requested.
2024-06-22T17:32:25.368+09:00  INFO 14764 --- [RMI TCP Connection(7)-127.0.0.1] j.LocalContainerEntityManagerFactoryBean : Closing JPA EntityManagerFactory for persistence unit 'default'
2024-06-22T17:32:25.371+09:00  INFO 14764 --- [RMI TCP Connection(7)-127.0.0.1] com.zaxxer.hikari.HikariDataSource       : HikariPool-1 - Shutdown initiated...
2024-06-22T17:32:25.375+09:00  INFO 14764 --- [RMI TCP Connection(7)-127.0.0.1] com.zaxxer.hikari.HikariDataSource       : HikariPool-1 - Shutdown completed.
2024-06-22T17:41:27.504+09:00  INFO 14912 --- [restartedMain] c.k.d.f.FaqServiceModuleApplication      : Starting FaqServiceModuleApplication using Java 17.0.5 with PID 14912 (/Users/ieunju/Documents/project/DevOpsHelper/DevOpsHelper/backend/DevOpsHelper/faq-service-module/bin/main started by ieunju in /Users/ieunju/Documents/project/DevOpsHelper/DevOpsHelper/backend/DevOpsHelper/faq-service-module)
2024-06-22T17:41:27.505+09:00  INFO 14912 --- [restartedMain] c.k.d.f.FaqServiceModuleApplication      : No active profile set, falling back to 1 default profile: "default"
2024-06-22T17:41:27.525+09:00  INFO 14912 --- [restartedMain] .e.DevToolsPropertyDefaultsPostProcessor : Devtools property defaults active! Set 'spring.devtools.add-properties' to 'false' to disable
2024-06-22T17:41:27.525+09:00  INFO 14912 --- [restartedMain] .e.DevToolsPropertyDefaultsPostProcessor : For additional web related logging consider setting the 'logging.level.web' property to 'DEBUG'
2024-06-22T17:41:27.825+09:00  INFO 14912 --- [restartedMain] .s.d.r.c.RepositoryConfigurationDelegate : Bootstrapping Spring Data JPA repositories in DEFAULT mode.
2024-06-22T17:41:27.857+09:00  INFO 14912 --- [restartedMain] .s.d.r.c.RepositoryConfigurationDelegate : Finished Spring Data repository scanning in 28 ms. Found 1 JPA repository interface.
2024-06-22T17:41:28.096+09:00  INFO 14912 --- [restartedMain] o.s.b.w.embedded.tomcat.TomcatWebServer  : Tomcat initialized with port 8080 (http)
2024-06-22T17:41:28.102+09:00  INFO 14912 --- [restartedMain] o.apache.catalina.core.StandardService   : Starting service [Tomcat]
2024-06-22T17:41:28.102+09:00  INFO 14912 --- [restartedMain] o.apache.catalina.core.StandardEngine    : Starting Servlet engine: [Apache Tomcat/10.1.24]
2024-06-22T17:41:28.123+09:00  INFO 14912 --- [restartedMain] o.a.c.c.C.[Tomcat].[localhost].[/]       : Initializing Spring embedded WebApplicationContext
2024-06-22T17:41:28.124+09:00  INFO 14912 --- [restartedMain] w.s.c.ServletWebServerApplicationContext : Root WebApplicationContext: initialization completed in 598 ms
2024-06-22T17:41:28.195+09:00  INFO 14912 --- [restartedMain] o.hibernate.jpa.internal.util.LogHelper  : HHH000204: Processing PersistenceUnitInfo [name: default]
2024-06-22T17:41:28.226+09:00  INFO 14912 --- [restartedMain] org.hibernate.Version                    : HHH000412: Hibernate ORM core version 6.5.2.Final
2024-06-22T17:41:28.243+09:00  INFO 14912 --- [restartedMain] o.h.c.internal.RegionFactoryInitiator    : HHH000026: Second-level cache disabled
2024-06-22T17:41:28.403+09:00  INFO 14912 --- [restartedMain] o.s.o.j.p.SpringPersistenceUnitInfo      : No LoadTimeWeaver setup: ignoring JPA class transformer
2024-06-22T17:41:28.416+09:00  INFO 14912 --- [restartedMain] com.zaxxer.hikari.HikariDataSource       : HikariPool-1 - Starting...
2024-06-22T17:41:28.478+09:00  INFO 14912 --- [restartedMain] com.zaxxer.hikari.pool.HikariPool        : HikariPool-1 - Added connection org.mariadb.jdbc.Connection@2025caa2
2024-06-22T17:41:28.479+09:00  INFO 14912 --- [restartedMain] com.zaxxer.hikari.HikariDataSource       : HikariPool-1 - Start completed.
2024-06-22T17:41:28.494+09:00  WARN 14912 --- [restartedMain] org.hibernate.orm.deprecation            : HHH90000025: MariaDB106Dialect does not need to be specified explicitly using 'hibernate.dialect' (remove the property setting and it will be selected by default)
2024-06-22T17:41:28.494+09:00  WARN 14912 --- [restartedMain] org.hibernate.orm.deprecation            : HHH90000026: MariaDB106Dialect has been deprecated; use org.hibernate.dialect.MariaDBDialect instead
2024-06-22T17:41:28.861+09:00  INFO 14912 --- [restartedMain] o.h.e.t.j.p.i.JtaPlatformInitiator       : HHH000489: No JTA platform available (set 'hibernate.transaction.jta.platform' to enable JTA platform integration)
2024-06-22T17:41:28.942+09:00  INFO 14912 --- [restartedMain] j.LocalContainerEntityManagerFactoryBean : Initialized JPA EntityManagerFactory for persistence unit 'default'
2024-06-22T17:41:28.967+09:00  WARN 14912 --- [restartedMain] JpaBaseConfiguration$JpaWebConfiguration : spring.jpa.open-in-view is enabled by default. Therefore, database queries may be performed during view rendering. Explicitly configure spring.jpa.open-in-view to disable this warning
2024-06-22T17:41:29.192+09:00  INFO 14912 --- [restartedMain] o.s.b.d.a.OptionalLiveReloadServer       : LiveReload server is running on port 35729
2024-06-22T17:41:29.206+09:00  INFO 14912 --- [restartedMain] o.s.b.w.embedded.tomcat.TomcatWebServer  : Tomcat started on port 8080 (http) with context path '/'
2024-06-22T17:41:29.212+09:00  INFO 14912 --- [restartedMain] c.k.d.f.FaqServiceModuleApplication      : Started FaqServiceModuleApplication in 1.901 seconds (process running for 2.357)
2024-06-22T17:41:52.353+09:00  INFO 14912 --- [http-nio-8080-exec-1] o.a.c.c.C.[Tomcat].[localhost].[/]       : Initializing Spring DispatcherServlet 'dispatcherServlet'
2024-06-22T17:41:52.355+09:00  INFO 14912 --- [http-nio-8080-exec-1] o.s.web.servlet.DispatcherServlet        : Initializing Servlet 'dispatcherServlet'
2024-06-22T17:41:52.356+09:00  INFO 14912 --- [http-nio-8080-exec-1] o.s.web.servlet.DispatcherServlet        : Completed initialization in 1 ms
2024-06-22T17:42:39.172+09:00  INFO 14912 --- [RMI TCP Connection(5)-127.0.0.1] inMXBeanRegistrar$SpringApplicationAdmin : Application shutdown requested.
2024-06-22T17:42:39.193+09:00  INFO 14912 --- [RMI TCP Connection(5)-127.0.0.1] j.LocalContainerEntityManagerFactoryBean : Closing JPA EntityManagerFactory for persistence unit 'default'
2024-06-22T17:42:39.201+09:00  INFO 14912 --- [RMI TCP Connection(5)-127.0.0.1] com.zaxxer.hikari.HikariDataSource       : HikariPool-1 - Shutdown initiated...
2024-06-22T17:42:39.214+09:00  INFO 14912 --- [RMI TCP Connection(5)-127.0.0.1] com.zaxxer.hikari.HikariDataSource       : HikariPool-1 - Shutdown completed.
2024-06-22T17:42:53.525+09:00  INFO 15029 --- [restartedMain] c.k.d.f.FaqServiceModuleApplication      : Starting FaqServiceModuleApplication using Java 17.0.5 with PID 15029 (/Users/ieunju/Documents/project/DevOpsHelper/DevOpsHelper/backend/DevOpsHelper/faq-service-module/bin/main started by ieunju in /Users/ieunju/Documents/project/DevOpsHelper/DevOpsHelper/backend/DevOpsHelper/faq-service-module)
2024-06-22T17:42:53.527+09:00  INFO 15029 --- [restartedMain] c.k.d.f.FaqServiceModuleApplication      : No active profile set, falling back to 1 default profile: "default"
2024-06-22T17:42:53.549+09:00  INFO 15029 --- [restartedMain] .e.DevToolsPropertyDefaultsPostProcessor : Devtools property defaults active! Set 'spring.devtools.add-properties' to 'false' to disable
2024-06-22T17:42:53.549+09:00  INFO 15029 --- [restartedMain] .e.DevToolsPropertyDefaultsPostProcessor : For additional web related logging consider setting the 'logging.level.web' property to 'DEBUG'
2024-06-22T17:42:53.847+09:00  INFO 15029 --- [restartedMain] .s.d.r.c.RepositoryConfigurationDelegate : Bootstrapping Spring Data JPA repositories in DEFAULT mode.
2024-06-22T17:42:53.884+09:00  INFO 15029 --- [restartedMain] .s.d.r.c.RepositoryConfigurationDelegate : Finished Spring Data repository scanning in 31 ms. Found 1 JPA repository interface.
2024-06-22T17:42:54.123+09:00  INFO 15029 --- [restartedMain] o.s.b.w.embedded.tomcat.TomcatWebServer  : Tomcat initialized with port 8080 (http)
2024-06-22T17:42:54.129+09:00  INFO 15029 --- [restartedMain] o.apache.catalina.core.StandardService   : Starting service [Tomcat]
2024-06-22T17:42:54.130+09:00  INFO 15029 --- [restartedMain] o.apache.catalina.core.StandardEngine    : Starting Servlet engine: [Apache Tomcat/10.1.24]
2024-06-22T17:42:54.151+09:00  INFO 15029 --- [restartedMain] o.a.c.c.C.[Tomcat].[localhost].[/]       : Initializing Spring embedded WebApplicationContext
2024-06-22T17:42:54.152+09:00  INFO 15029 --- [restartedMain] w.s.c.ServletWebServerApplicationContext : Root WebApplicationContext: initialization completed in 603 ms
2024-06-22T17:42:54.221+09:00  INFO 15029 --- [restartedMain] o.hibernate.jpa.internal.util.LogHelper  : HHH000204: Processing PersistenceUnitInfo [name: default]
2024-06-22T17:42:54.251+09:00  INFO 15029 --- [restartedMain] org.hibernate.Version                    : HHH000412: Hibernate ORM core version 6.5.2.Final
2024-06-22T17:42:54.268+09:00  INFO 15029 --- [restartedMain] o.h.c.internal.RegionFactoryInitiator    : HHH000026: Second-level cache disabled
2024-06-22T17:42:54.421+09:00  INFO 15029 --- [restartedMain] o.s.o.j.p.SpringPersistenceUnitInfo      : No LoadTimeWeaver setup: ignoring JPA class transformer
2024-06-22T17:42:54.434+09:00  INFO 15029 --- [restartedMain] com.zaxxer.hikari.HikariDataSource       : HikariPool-1 - Starting...
2024-06-22T17:42:54.496+09:00  INFO 15029 --- [restartedMain] com.zaxxer.hikari.pool.HikariPool        : HikariPool-1 - Added connection org.mariadb.jdbc.Connection@448381ea
2024-06-22T17:42:54.497+09:00  INFO 15029 --- [restartedMain] com.zaxxer.hikari.HikariDataSource       : HikariPool-1 - Start completed.
2024-06-22T17:42:54.511+09:00  WARN 15029 --- [restartedMain] org.hibernate.orm.deprecation            : HHH90000025: MariaDB106Dialect does not need to be specified explicitly using 'hibernate.dialect' (remove the property setting and it will be selected by default)
2024-06-22T17:42:54.511+09:00  WARN 15029 --- [restartedMain] org.hibernate.orm.deprecation            : HHH90000026: MariaDB106Dialect has been deprecated; use org.hibernate.dialect.MariaDBDialect instead
2024-06-22T17:42:54.884+09:00  INFO 15029 --- [restartedMain] o.h.e.t.j.p.i.JtaPlatformInitiator       : HHH000489: No JTA platform available (set 'hibernate.transaction.jta.platform' to enable JTA platform integration)
2024-06-22T17:42:54.970+09:00  INFO 15029 --- [restartedMain] j.LocalContainerEntityManagerFactoryBean : Initialized JPA EntityManagerFactory for persistence unit 'default'
2024-06-22T17:42:54.998+09:00  WARN 15029 --- [restartedMain] JpaBaseConfiguration$JpaWebConfiguration : spring.jpa.open-in-view is enabled by default. Therefore, database queries may be performed during view rendering. Explicitly configure spring.jpa.open-in-view to disable this warning
2024-06-22T17:42:55.240+09:00  INFO 15029 --- [restartedMain] o.s.b.d.a.OptionalLiveReloadServer       : LiveReload server is running on port 35729
2024-06-22T17:42:55.255+09:00  INFO 15029 --- [restartedMain] o.s.b.w.embedded.tomcat.TomcatWebServer  : Tomcat started on port 8080 (http) with context path '/'
2024-06-22T17:42:55.260+09:00  INFO 15029 --- [restartedMain] c.k.d.f.FaqServiceModuleApplication      : Started FaqServiceModuleApplication in 1.924 seconds (process running for 2.366)
2024-06-22T17:43:45.365+09:00  INFO 15029 --- [http-nio-8080-exec-2] o.a.c.c.C.[Tomcat].[localhost].[/]       : Initializing Spring DispatcherServlet 'dispatcherServlet'
2024-06-22T17:43:45.366+09:00  INFO 15029 --- [http-nio-8080-exec-2] o.s.web.servlet.DispatcherServlet        : Initializing Servlet 'dispatcherServlet'
2024-06-22T17:43:45.372+09:00  INFO 15029 --- [http-nio-8080-exec-2] o.s.web.servlet.DispatcherServlet        : Completed initialization in 6 ms
2024-06-22T17:44:55.148+09:00  INFO 15029 --- [RMI TCP Connection(6)-127.0.0.1] inMXBeanRegistrar$SpringApplicationAdmin : Application shutdown requested.
2024-06-22T17:44:55.160+09:00  INFO 15029 --- [RMI TCP Connection(6)-127.0.0.1] j.LocalContainerEntityManagerFactoryBean : Closing JPA EntityManagerFactory for persistence unit 'default'
2024-06-22T17:44:55.164+09:00  INFO 15029 --- [RMI TCP Connection(6)-127.0.0.1] com.zaxxer.hikari.HikariDataSource       : HikariPool-1 - Shutdown initiated...
2024-06-22T17:44:55.168+09:00  INFO 15029 --- [RMI TCP Connection(6)-127.0.0.1] com.zaxxer.hikari.HikariDataSource       : HikariPool-1 - Shutdown completed.
2024-06-22T17:44:57.645+09:00  INFO 15168 --- [restartedMain] c.k.d.f.FaqServiceModuleApplication      : Starting FaqServiceModuleApplication using Java 17.0.5 with PID 15168 (/Users/ieunju/Documents/project/DevOpsHelper/DevOpsHelper/backend/DevOpsHelper/faq-service-module/bin/main started by ieunju in /Users/ieunju/Documents/project/DevOpsHelper/DevOpsHelper/backend/DevOpsHelper/faq-service-module)
2024-06-22T17:44:57.646+09:00  INFO 15168 --- [restartedMain] c.k.d.f.FaqServiceModuleApplication      : No active profile set, falling back to 1 default profile: "default"
2024-06-22T17:44:57.666+09:00  INFO 15168 --- [restartedMain] .e.DevToolsPropertyDefaultsPostProcessor : Devtools property defaults active! Set 'spring.devtools.add-properties' to 'false' to disable
2024-06-22T17:44:57.666+09:00  INFO 15168 --- [restartedMain] .e.DevToolsPropertyDefaultsPostProcessor : For additional web related logging consider setting the 'logging.level.web' property to 'DEBUG'
2024-06-22T17:44:57.954+09:00  INFO 15168 --- [restartedMain] .s.d.r.c.RepositoryConfigurationDelegate : Bootstrapping Spring Data JPA repositories in DEFAULT mode.
2024-06-22T17:44:57.984+09:00  INFO 15168 --- [restartedMain] .s.d.r.c.RepositoryConfigurationDelegate : Finished Spring Data repository scanning in 27 ms. Found 1 JPA repository interface.
2024-06-22T17:44:58.216+09:00  INFO 15168 --- [restartedMain] o.s.b.w.embedded.tomcat.TomcatWebServer  : Tomcat initialized with port 8080 (http)
2024-06-22T17:44:58.222+09:00  INFO 15168 --- [restartedMain] o.apache.catalina.core.StandardService   : Starting service [Tomcat]
2024-06-22T17:44:58.222+09:00  INFO 15168 --- [restartedMain] o.apache.catalina.core.StandardEngine    : Starting Servlet engine: [Apache Tomcat/10.1.24]
2024-06-22T17:44:58.244+09:00  INFO 15168 --- [restartedMain] o.a.c.c.C.[Tomcat].[localhost].[/]       : Initializing Spring embedded WebApplicationContext
2024-06-22T17:44:58.244+09:00  INFO 15168 --- [restartedMain] w.s.c.ServletWebServerApplicationContext : Root WebApplicationContext: initialization completed in 578 ms
2024-06-22T17:44:58.312+09:00  INFO 15168 --- [restartedMain] o.hibernate.jpa.internal.util.LogHelper  : HHH000204: Processing PersistenceUnitInfo [name: default]
2024-06-22T17:44:58.343+09:00  INFO 15168 --- [restartedMain] org.hibernate.Version                    : HHH000412: Hibernate ORM core version 6.5.2.Final
2024-06-22T17:44:58.359+09:00  INFO 15168 --- [restartedMain] o.h.c.internal.RegionFactoryInitiator    : HHH000026: Second-level cache disabled
2024-06-22T17:44:58.508+09:00  INFO 15168 --- [restartedMain] o.s.o.j.p.SpringPersistenceUnitInfo      : No LoadTimeWeaver setup: ignoring JPA class transformer
2024-06-22T17:44:58.522+09:00  INFO 15168 --- [restartedMain] com.zaxxer.hikari.HikariDataSource       : HikariPool-1 - Starting...
2024-06-22T17:44:58.577+09:00  INFO 15168 --- [restartedMain] com.zaxxer.hikari.pool.HikariPool        : HikariPool-1 - Added connection org.mariadb.jdbc.Connection@1fb6923b
2024-06-22T17:44:58.577+09:00  INFO 15168 --- [restartedMain] com.zaxxer.hikari.HikariDataSource       : HikariPool-1 - Start completed.
2024-06-22T17:44:58.591+09:00  WARN 15168 --- [restartedMain] org.hibernate.orm.deprecation            : HHH90000025: MariaDB106Dialect does not need to be specified explicitly using 'hibernate.dialect' (remove the property setting and it will be selected by default)
2024-06-22T17:44:58.592+09:00  WARN 15168 --- [restartedMain] org.hibernate.orm.deprecation            : HHH90000026: MariaDB106Dialect has been deprecated; use org.hibernate.dialect.MariaDBDialect instead
2024-06-22T17:44:58.958+09:00  INFO 15168 --- [restartedMain] o.h.e.t.j.p.i.JtaPlatformInitiator       : HHH000489: No JTA platform available (set 'hibernate.transaction.jta.platform' to enable JTA platform integration)
2024-06-22T17:44:59.038+09:00  INFO 15168 --- [restartedMain] j.LocalContainerEntityManagerFactoryBean : Initialized JPA EntityManagerFactory for persistence unit 'default'
2024-06-22T17:44:59.062+09:00  WARN 15168 --- [restartedMain] JpaBaseConfiguration$JpaWebConfiguration : spring.jpa.open-in-view is enabled by default. Therefore, database queries may be performed during view rendering. Explicitly configure spring.jpa.open-in-view to disable this warning
2024-06-22T17:44:59.286+09:00  INFO 15168 --- [restartedMain] o.s.b.d.a.OptionalLiveReloadServer       : LiveReload server is running on port 35729
2024-06-22T17:44:59.300+09:00  INFO 15168 --- [restartedMain] o.s.b.w.embedded.tomcat.TomcatWebServer  : Tomcat started on port 8080 (http) with context path '/'
2024-06-22T17:44:59.316+09:00  INFO 15168 --- [restartedMain] c.k.d.f.FaqServiceModuleApplication      : Started FaqServiceModuleApplication in 1.855 seconds (process running for 2.21)
2024-06-22T17:45:02.032+09:00  INFO 15168 --- [http-nio-8080-exec-2] o.a.c.c.C.[Tomcat].[localhost].[/]       : Initializing Spring DispatcherServlet 'dispatcherServlet'
2024-06-22T17:45:02.032+09:00  INFO 15168 --- [http-nio-8080-exec-2] o.s.web.servlet.DispatcherServlet        : Initializing Servlet 'dispatcherServlet'
2024-06-22T17:45:02.033+09:00  INFO 15168 --- [http-nio-8080-exec-2] o.s.web.servlet.DispatcherServlet        : Completed initialization in 1 ms
2024-06-22T17:45:07.275+09:00  INFO 15168 --- [RMI TCP Connection(4)-127.0.0.1] inMXBeanRegistrar$SpringApplicationAdmin : Application shutdown requested.
2024-06-22T17:45:07.280+09:00  INFO 15168 --- [RMI TCP Connection(4)-127.0.0.1] j.LocalContainerEntityManagerFactoryBean : Closing JPA EntityManagerFactory for persistence unit 'default'
2024-06-22T17:45:07.282+09:00  INFO 15168 --- [RMI TCP Connection(4)-127.0.0.1] com.zaxxer.hikari.HikariDataSource       : HikariPool-1 - Shutdown initiated...
2024-06-22T17:45:07.284+09:00  INFO 15168 --- [RMI TCP Connection(4)-127.0.0.1] com.zaxxer.hikari.HikariDataSource       : HikariPool-1 - Shutdown completed.
2024-06-22T17:45:09.759+09:00  INFO 15171 --- [restartedMain] c.k.d.f.FaqServiceModuleApplication      : Starting FaqServiceModuleApplication using Java 17.0.5 with PID 15171 (/Users/ieunju/Documents/project/DevOpsHelper/DevOpsHelper/backend/DevOpsHelper/faq-service-module/bin/main started by ieunju in /Users/ieunju/Documents/project/DevOpsHelper/DevOpsHelper/backend/DevOpsHelper/faq-service-module)
2024-06-22T17:45:09.760+09:00  INFO 15171 --- [restartedMain] c.k.d.f.FaqServiceModuleApplication      : No active profile set, falling back to 1 default profile: "default"
2024-06-22T17:45:09.778+09:00  INFO 15171 --- [restartedMain] .e.DevToolsPropertyDefaultsPostProcessor : Devtools property defaults active! Set 'spring.devtools.add-properties' to 'false' to disable
2024-06-22T17:45:09.778+09:00  INFO 15171 --- [restartedMain] .e.DevToolsPropertyDefaultsPostProcessor : For additional web related logging consider setting the 'logging.level.web' property to 'DEBUG'
2024-06-22T17:45:10.051+09:00  INFO 15171 --- [restartedMain] .s.d.r.c.RepositoryConfigurationDelegate : Bootstrapping Spring Data JPA repositories in DEFAULT mode.
2024-06-22T17:45:10.079+09:00  INFO 15171 --- [restartedMain] .s.d.r.c.RepositoryConfigurationDelegate : Finished Spring Data repository scanning in 25 ms. Found 1 JPA repository interface.
2024-06-22T17:45:10.300+09:00  INFO 15171 --- [restartedMain] o.s.b.w.embedded.tomcat.TomcatWebServer  : Tomcat initialized with port 8080 (http)
2024-06-22T17:45:10.306+09:00  INFO 15171 --- [restartedMain] o.apache.catalina.core.StandardService   : Starting service [Tomcat]
2024-06-22T17:45:10.306+09:00  INFO 15171 --- [restartedMain] o.apache.catalina.core.StandardEngine    : Starting Servlet engine: [Apache Tomcat/10.1.24]
2024-06-22T17:45:10.327+09:00  INFO 15171 --- [restartedMain] o.a.c.c.C.[Tomcat].[localhost].[/]       : Initializing Spring embedded WebApplicationContext
2024-06-22T17:45:10.327+09:00  INFO 15171 --- [restartedMain] w.s.c.ServletWebServerApplicationContext : Root WebApplicationContext: initialization completed in 549 ms
2024-06-22T17:45:10.393+09:00  INFO 15171 --- [restartedMain] o.hibernate.jpa.internal.util.LogHelper  : HHH000204: Processing PersistenceUnitInfo [name: default]
2024-06-22T17:45:10.419+09:00  INFO 15171 --- [restartedMain] org.hibernate.Version                    : HHH000412: Hibernate ORM core version 6.5.2.Final
2024-06-22T17:45:10.434+09:00  INFO 15171 --- [restartedMain] o.h.c.internal.RegionFactoryInitiator    : HHH000026: Second-level cache disabled
2024-06-22T17:45:10.566+09:00  INFO 15171 --- [restartedMain] o.s.o.j.p.SpringPersistenceUnitInfo      : No LoadTimeWeaver setup: ignoring JPA class transformer
2024-06-22T17:45:10.578+09:00  INFO 15171 --- [restartedMain] com.zaxxer.hikari.HikariDataSource       : HikariPool-1 - Starting...
2024-06-22T17:45:10.611+09:00  INFO 15171 --- [restartedMain] com.zaxxer.hikari.pool.HikariPool        : HikariPool-1 - Added connection org.mariadb.jdbc.Connection@1fb6923b
2024-06-22T17:45:10.612+09:00  INFO 15171 --- [restartedMain] com.zaxxer.hikari.HikariDataSource       : HikariPool-1 - Start completed.
2024-06-22T17:45:10.624+09:00  WARN 15171 --- [restartedMain] org.hibernate.orm.deprecation            : HHH90000025: MariaDB106Dialect does not need to be specified explicitly using 'hibernate.dialect' (remove the property setting and it will be selected by default)
2024-06-22T17:45:10.625+09:00  WARN 15171 --- [restartedMain] org.hibernate.orm.deprecation            : HHH90000026: MariaDB106Dialect has been deprecated; use org.hibernate.dialect.MariaDBDialect instead
2024-06-22T17:45:10.990+09:00  INFO 15171 --- [restartedMain] o.h.e.t.j.p.i.JtaPlatformInitiator       : HHH000489: No JTA platform available (set 'hibernate.transaction.jta.platform' to enable JTA platform integration)
2024-06-22T17:45:11.056+09:00  INFO 15171 --- [restartedMain] j.LocalContainerEntityManagerFactoryBean : Initialized JPA EntityManagerFactory for persistence unit 'default'
2024-06-22T17:45:11.082+09:00  WARN 15171 --- [restartedMain] JpaBaseConfiguration$JpaWebConfiguration : spring.jpa.open-in-view is enabled by default. Therefore, database queries may be performed during view rendering. Explicitly configure spring.jpa.open-in-view to disable this warning
2024-06-22T17:45:11.305+09:00  INFO 15171 --- [restartedMain] o.s.b.d.a.OptionalLiveReloadServer       : LiveReload server is running on port 35729
2024-06-22T17:45:11.318+09:00  INFO 15171 --- [restartedMain] o.s.b.w.embedded.tomcat.TomcatWebServer  : Tomcat started on port 8080 (http) with context path '/'
2024-06-22T17:45:11.324+09:00  INFO 15171 --- [restartedMain] c.k.d.f.FaqServiceModuleApplication      : Started FaqServiceModuleApplication in 1.732 seconds (process running for 1.998)
2024-06-22T17:47:48.359+09:00  INFO 15171 --- [RMI TCP Connection(7)-127.0.0.1] inMXBeanRegistrar$SpringApplicationAdmin : Application shutdown requested.
2024-06-22T17:47:48.374+09:00  INFO 15171 --- [RMI TCP Connection(7)-127.0.0.1] j.LocalContainerEntityManagerFactoryBean : Closing JPA EntityManagerFactory for persistence unit 'default'
2024-06-22T17:47:48.378+09:00  INFO 15171 --- [RMI TCP Connection(7)-127.0.0.1] com.zaxxer.hikari.HikariDataSource       : HikariPool-1 - Shutdown initiated...
2024-06-22T17:47:48.381+09:00  INFO 15171 --- [RMI TCP Connection(7)-127.0.0.1] com.zaxxer.hikari.HikariDataSource       : HikariPool-1 - Shutdown completed.
2024-06-22T17:48:09.692+09:00  INFO 15432 --- [restartedMain] c.k.d.f.FaqServiceModuleApplication      : Starting FaqServiceModuleApplication using Java 17.0.5 with PID 15432 (/Users/ieunju/Documents/project/DevOpsHelper/DevOpsHelper/backend/DevOpsHelper/faq-service-module/bin/main started by ieunju in /Users/ieunju/Documents/project/DevOpsHelper/DevOpsHelper/backend/DevOpsHelper/faq-service-module)
2024-06-22T17:48:09.693+09:00  INFO 15432 --- [restartedMain] c.k.d.f.FaqServiceModuleApplication      : No active profile set, falling back to 1 default profile: "default"
2024-06-22T17:48:09.716+09:00  INFO 15432 --- [restartedMain] .e.DevToolsPropertyDefaultsPostProcessor : Devtools property defaults active! Set 'spring.devtools.add-properties' to 'false' to disable
2024-06-22T17:48:09.717+09:00  INFO 15432 --- [restartedMain] .e.DevToolsPropertyDefaultsPostProcessor : For additional web related logging consider setting the 'logging.level.web' property to 'DEBUG'
2024-06-22T17:48:10.030+09:00  INFO 15432 --- [restartedMain] .s.d.r.c.RepositoryConfigurationDelegate : Bootstrapping Spring Data JPA repositories in DEFAULT mode.
2024-06-22T17:48:10.059+09:00  INFO 15432 --- [restartedMain] .s.d.r.c.RepositoryConfigurationDelegate : Finished Spring Data repository scanning in 26 ms. Found 1 JPA repository interface.
2024-06-22T17:48:10.300+09:00  INFO 15432 --- [restartedMain] o.s.b.w.embedded.tomcat.TomcatWebServer  : Tomcat initialized with port 8080 (http)
2024-06-22T17:48:10.306+09:00  INFO 15432 --- [restartedMain] o.apache.catalina.core.StandardService   : Starting service [Tomcat]
2024-06-22T17:48:10.307+09:00  INFO 15432 --- [restartedMain] o.apache.catalina.core.StandardEngine    : Starting Servlet engine: [Apache Tomcat/10.1.24]
2024-06-22T17:48:10.329+09:00  INFO 15432 --- [restartedMain] o.a.c.c.C.[Tomcat].[localhost].[/]       : Initializing Spring embedded WebApplicationContext
2024-06-22T17:48:10.329+09:00  INFO 15432 --- [restartedMain] w.s.c.ServletWebServerApplicationContext : Root WebApplicationContext: initialization completed in 612 ms
2024-06-22T17:48:10.434+09:00  INFO 15432 --- [restartedMain] o.hibernate.jpa.internal.util.LogHelper  : HHH000204: Processing PersistenceUnitInfo [name: default]
2024-06-22T17:48:10.473+09:00  INFO 15432 --- [restartedMain] org.hibernate.Version                    : HHH000412: Hibernate ORM core version 6.5.2.Final
2024-06-22T17:48:10.500+09:00  INFO 15432 --- [restartedMain] o.h.c.internal.RegionFactoryInitiator    : HHH000026: Second-level cache disabled
2024-06-22T17:48:10.505+09:00  WARN 15432 --- [restartedMain] ConfigServletWebServerApplicationContext : Exception encountered during context initialization - cancelling refresh attempt: org.springframework.beans.factory.BeanCreationException: Error creating bean with name 'entityManagerFactory' defined in class path resource [org/springframework/boot/autoconfigure/orm/jpa/HibernateJpaConfiguration.class]: org/hibernate/annotations/common/reflection/ReflectionManager
2024-06-22T17:48:10.507+09:00  INFO 15432 --- [restartedMain] o.apache.catalina.core.StandardService   : Stopping service [Tomcat]
2024-06-22T17:48:10.520+09:00  INFO 15432 --- [restartedMain] .s.b.a.l.ConditionEvaluationReportLogger : 

Error starting ApplicationContext. To display the condition evaluation report re-run your application with 'debug' enabled.
2024-06-22T17:48:10.534+09:00 ERROR 15432 --- [restartedMain] o.s.boot.SpringApplication               : Application run failed

org.springframework.beans.factory.BeanCreationException: Error creating bean with name 'entityManagerFactory' defined in class path resource [org/springframework/boot/autoconfigure/orm/jpa/HibernateJpaConfiguration.class]: org/hibernate/annotations/common/reflection/ReflectionManager
	at org.springframework.beans.factory.support.AbstractAutowireCapableBeanFactory.initializeBean(AbstractAutowireCapableBeanFactory.java:1788) ~[spring-beans-6.1.8.jar:6.1.8]
	at org.springframework.beans.factory.support.AbstractAutowireCapableBeanFactory.doCreateBean(AbstractAutowireCapableBeanFactory.java:600) ~[spring-beans-6.1.8.jar:6.1.8]
	at org.springframework.beans.factory.support.AbstractAutowireCapableBeanFactory.createBean(AbstractAutowireCapableBeanFactory.java:522) ~[spring-beans-6.1.8.jar:6.1.8]
	at org.springframework.beans.factory.support.AbstractBeanFactory.lambda$doGetBean$0(AbstractBeanFactory.java:337) ~[spring-beans-6.1.8.jar:6.1.8]
	at org.springframework.beans.factory.support.DefaultSingletonBeanRegistry.getSingleton(DefaultSingletonBeanRegistry.java:234) ~[spring-beans-6.1.8.jar:6.1.8]
	at org.springframework.beans.factory.support.AbstractBeanFactory.doGetBean(AbstractBeanFactory.java:335) ~[spring-beans-6.1.8.jar:6.1.8]
	at org.springframework.beans.factory.support.AbstractBeanFactory.getBean(AbstractBeanFactory.java:205) ~[spring-beans-6.1.8.jar:6.1.8]
	at org.springframework.context.support.AbstractApplicationContext.finishBeanFactoryInitialization(AbstractApplicationContext.java:952) ~[spring-context-6.1.8.jar:6.1.8]
	at org.springframework.context.support.AbstractApplicationContext.refresh(AbstractApplicationContext.java:624) ~[spring-context-6.1.8.jar:6.1.8]
	at org.springframework.boot.web.servlet.context.ServletWebServerApplicationContext.refresh(ServletWebServerApplicationContext.java:146) ~[spring-boot-3.3.0.jar:3.3.0]
	at org.springframework.boot.SpringApplication.refresh(SpringApplication.java:754) ~[spring-boot-3.3.0.jar:3.3.0]
	at org.springframework.boot.SpringApplication.refreshContext(SpringApplication.java:456) ~[spring-boot-3.3.0.jar:3.3.0]
	at org.springframework.boot.SpringApplication.run(SpringApplication.java:335) ~[spring-boot-3.3.0.jar:3.3.0]
	at org.springframework.boot.SpringApplication.run(SpringApplication.java:1363) ~[spring-boot-3.3.0.jar:3.3.0]
	at org.springframework.boot.SpringApplication.run(SpringApplication.java:1352) ~[spring-boot-3.3.0.jar:3.3.0]
	at com.ktds.devopshelper.faqservice.FaqServiceModuleApplication.main(FaqServiceModuleApplication.java:16) ~[main/:na]
	at java.base/jdk.internal.reflect.NativeMethodAccessorImpl.invoke0(Native Method) ~[na:na]
	at java.base/jdk.internal.reflect.NativeMethodAccessorImpl.invoke(NativeMethodAccessorImpl.java:77) ~[na:na]
	at java.base/jdk.internal.reflect.DelegatingMethodAccessorImpl.invoke(DelegatingMethodAccessorImpl.java:43) ~[na:na]
	at java.base/java.lang.reflect.Method.invoke(Method.java:568) ~[na:na]
	at org.springframework.boot.devtools.restart.RestartLauncher.run(RestartLauncher.java:50) ~[spring-boot-devtools-3.3.0.jar:3.3.0]
Caused by: java.lang.NoClassDefFoundError: org/hibernate/annotations/common/reflection/ReflectionManager
	at org.hibernate.boot.internal.MetadataBuilderImpl.<init>(MetadataBuilderImpl.java:140) ~[hibernate-core-6.5.2.Final.jar:6.5.2.Final]
	at org.hibernate.boot.MetadataSources.getMetadataBuilder(MetadataSources.java:164) ~[hibernate-core-6.5.2.Final.jar:6.5.2.Final]
	at org.hibernate.jpa.boot.internal.EntityManagerFactoryBuilderImpl.<init>(EntityManagerFactoryBuilderImpl.java:276) ~[hibernate-core-6.5.2.Final.jar:6.5.2.Final]
	at org.hibernate.jpa.boot.internal.EntityManagerFactoryBuilderImpl.<init>(EntityManagerFactoryBuilderImpl.java:197) ~[hibernate-core-6.5.2.Final.jar:6.5.2.Final]
	at org.springframework.orm.jpa.vendor.SpringHibernateJpaPersistenceProvider.createContainerEntityManagerFactory(SpringHibernateJpaPersistenceProvider.java:63) ~[spring-orm-6.1.8.jar:6.1.8]
	at org.springframework.orm.jpa.LocalContainerEntityManagerFactoryBean.createNativeEntityManagerFactory(LocalContainerEntityManagerFactoryBean.java:390) ~[spring-orm-6.1.8.jar:6.1.8]
	at org.springframework.orm.jpa.AbstractEntityManagerFactoryBean.buildNativeEntityManagerFactory(AbstractEntityManagerFactoryBean.java:409) ~[spring-orm-6.1.8.jar:6.1.8]
	at org.springframework.orm.jpa.AbstractEntityManagerFactoryBean.afterPropertiesSet(AbstractEntityManagerFactoryBean.java:396) ~[spring-orm-6.1.8.jar:6.1.8]
	at org.springframework.orm.jpa.LocalContainerEntityManagerFactoryBean.afterPropertiesSet(LocalContainerEntityManagerFactoryBean.java:366) ~[spring-orm-6.1.8.jar:6.1.8]
	at org.springframework.beans.factory.support.AbstractAutowireCapableBeanFactory.invokeInitMethods(AbstractAutowireCapableBeanFactory.java:1835) ~[spring-beans-6.1.8.jar:6.1.8]
	at org.springframework.beans.factory.support.AbstractAutowireCapableBeanFactory.initializeBean(AbstractAutowireCapableBeanFactory.java:1784) ~[spring-beans-6.1.8.jar:6.1.8]
	... 20 common frames omitted
Caused by: java.lang.ClassNotFoundException: org.hibernate.annotations.common.reflection.ReflectionManager
	at java.base/jdk.internal.loader.BuiltinClassLoader.loadClass(BuiltinClassLoader.java:641) ~[na:na]
	at java.base/jdk.internal.loader.ClassLoaders$AppClassLoader.loadClass(ClassLoaders.java:188) ~[na:na]
	at java.base/java.lang.ClassLoader.loadClass(ClassLoader.java:520) ~[na:na]
	... 31 common frames omitted

