2024-06-17T01:46:49.633+09:00  INFO 11631 --- [restartedMain] c.k.f.FaqnaServiceApplication            : Starting FaqnaServiceApplication using Java 17.0.5 with PID 11631 (/Users/ieunju/Documents/project/DevOpsHelper/DevOpsHelper/backend/faq-service/bin/main started by ieunju in /Users/ieunju/Documents/project/DevOpsHelper/DevOpsHelper/backend/faq-service)
2024-06-17T01:46:49.638+09:00 DEBUG 11631 --- [restartedMain] c.k.f.FaqnaServiceApplication            : Running with Spring Boot v3.2.5, Spring v6.1.6
2024-06-17T01:46:49.639+09:00  INFO 11631 --- [restartedMain] c.k.f.FaqnaServiceApplication            : No active profile set, falling back to 1 default profile: "default"
2024-06-17T01:46:49.676+09:00  INFO 11631 --- [restartedMain] .e.DevToolsPropertyDefaultsPostProcessor : Devtools property defaults active! Set 'spring.devtools.add-properties' to 'false' to disable
2024-06-17T01:46:49.676+09:00  INFO 11631 --- [restartedMain] .e.DevToolsPropertyDefaultsPostProcessor : For additional web related logging consider setting the 'logging.level.web' property to 'DEBUG'
2024-06-17T01:46:49.977+09:00  INFO 11631 --- [restartedMain] .s.d.r.c.RepositoryConfigurationDelegate : Bootstrapping Spring Data JPA repositories in DEFAULT mode.
2024-06-17T01:46:50.000+09:00  INFO 11631 --- [restartedMain] .s.d.r.c.RepositoryConfigurationDelegate : Finished Spring Data repository scanning in 18 ms. Found 1 JPA repository interface.
2024-06-17T01:46:50.214+09:00  INFO 11631 --- [restartedMain] o.s.b.w.embedded.tomcat.TomcatWebServer  : Tomcat initialized with port 8080 (http)
2024-06-17T01:46:50.220+09:00  INFO 11631 --- [restartedMain] o.apache.catalina.core.StandardService   : Starting service [Tomcat]
2024-06-17T01:46:50.220+09:00  INFO 11631 --- [restartedMain] o.apache.catalina.core.StandardEngine    : Starting Servlet engine: [Apache Tomcat/10.1.20]
2024-06-17T01:46:50.243+09:00  INFO 11631 --- [restartedMain] o.a.c.c.C.[Tomcat].[localhost].[/]       : Initializing Spring embedded WebApplicationContext
2024-06-17T01:46:50.243+09:00  INFO 11631 --- [restartedMain] w.s.c.ServletWebServerApplicationContext : Root WebApplicationContext: initialization completed in 567 ms
2024-06-17T01:46:50.311+09:00  INFO 11631 --- [restartedMain] o.hibernate.jpa.internal.util.LogHelper  : HHH000204: Processing PersistenceUnitInfo [name: default]
2024-06-17T01:46:50.341+09:00  INFO 11631 --- [restartedMain] org.hibernate.Version                    : HHH000412: Hibernate ORM core version 6.4.4.Final
2024-06-17T01:46:50.358+09:00  INFO 11631 --- [restartedMain] o.h.c.internal.RegionFactoryInitiator    : HHH000026: Second-level cache disabled
2024-06-17T01:46:50.467+09:00  INFO 11631 --- [restartedMain] o.s.o.j.p.SpringPersistenceUnitInfo      : No LoadTimeWeaver setup: ignoring JPA class transformer
2024-06-17T01:46:50.479+09:00  INFO 11631 --- [restartedMain] com.zaxxer.hikari.HikariDataSource       : HikariPool-1 - Starting...
2024-06-17T01:46:50.517+09:00  INFO 11631 --- [restartedMain] com.zaxxer.hikari.pool.HikariPool        : HikariPool-1 - Added connection org.mariadb.jdbc.Connection@64f193
2024-06-17T01:46:50.517+09:00  INFO 11631 --- [restartedMain] com.zaxxer.hikari.HikariDataSource       : HikariPool-1 - Start completed.
2024-06-17T01:46:50.529+09:00  WARN 11631 --- [restartedMain] org.hibernate.orm.deprecation            : HHH90000025: MariaDB106Dialect does not need to be specified explicitly using 'hibernate.dialect' (remove the property setting and it will be selected by default)
2024-06-17T01:46:50.529+09:00  WARN 11631 --- [restartedMain] org.hibernate.orm.deprecation            : HHH90000026: MariaDB106Dialect has been deprecated; use org.hibernate.dialect.MariaDBDialect instead
2024-06-17T01:46:50.872+09:00  INFO 11631 --- [restartedMain] o.h.e.t.j.p.i.JtaPlatformInitiator       : HHH000489: No JTA platform available (set 'hibernate.transaction.jta.platform' to enable JTA platform integration)
2024-06-17T01:46:50.964+09:00  INFO 11631 --- [restartedMain] j.LocalContainerEntityManagerFactoryBean : Initialized JPA EntityManagerFactory for persistence unit 'default'
2024-06-17T01:46:51.087+09:00  WARN 11631 --- [restartedMain] JpaBaseConfiguration$JpaWebConfiguration : spring.jpa.open-in-view is enabled by default. Therefore, database queries may be performed during view rendering. Explicitly configure spring.jpa.open-in-view to disable this warning
2024-06-17T01:46:51.230+09:00  INFO 11631 --- [restartedMain] o.s.b.d.a.OptionalLiveReloadServer       : LiveReload server is running on port 35729
2024-06-17T01:46:51.244+09:00  INFO 11631 --- [restartedMain] o.s.b.w.embedded.tomcat.TomcatWebServer  : Tomcat started on port 8080 (http) with context path ''
2024-06-17T01:46:51.249+09:00  INFO 11631 --- [restartedMain] c.k.f.FaqnaServiceApplication            : Started FaqnaServiceApplication in 1.804 seconds (process running for 2.066)
2024-06-17T01:46:56.961+09:00  INFO 11631 --- [http-nio-8080-exec-2] o.a.c.c.C.[Tomcat].[localhost].[/]       : Initializing Spring DispatcherServlet 'dispatcherServlet'
2024-06-17T01:46:56.962+09:00  INFO 11631 --- [http-nio-8080-exec-2] o.s.web.servlet.DispatcherServlet        : Initializing Servlet 'dispatcherServlet'
2024-06-17T01:46:56.964+09:00  INFO 11631 --- [http-nio-8080-exec-2] o.s.web.servlet.DispatcherServlet        : Completed initialization in 2 ms
2024-06-17T01:46:57.078+09:00 DEBUG 11631 --- [http-nio-8080-exec-2] c.k.f.controller.FaqController           : request add item id = 1
2024-06-17T01:47:41.096+09:00  INFO 11631 --- [RMI TCP Connection(3)-127.0.0.1] inMXBeanRegistrar$SpringApplicationAdmin : Application shutdown requested.
2024-06-17T01:47:41.132+09:00  INFO 11631 --- [RMI TCP Connection(3)-127.0.0.1] j.LocalContainerEntityManagerFactoryBean : Closing JPA EntityManagerFactory for persistence unit 'default'
2024-06-17T01:47:41.136+09:00  INFO 11631 --- [RMI TCP Connection(3)-127.0.0.1] com.zaxxer.hikari.HikariDataSource       : HikariPool-1 - Shutdown initiated...
2024-06-17T01:47:41.139+09:00  INFO 11631 --- [RMI TCP Connection(3)-127.0.0.1] com.zaxxer.hikari.HikariDataSource       : HikariPool-1 - Shutdown completed.
2024-06-17T01:48:21.322+09:00  INFO 11649 --- [restartedMain] c.k.f.FaqnaServiceApplication            : Starting FaqnaServiceApplication using Java 17.0.5 with PID 11649 (/Users/ieunju/Documents/project/DevOpsHelper/DevOpsHelper/backend/faq-service/bin/main started by ieunju in /Users/ieunju/Documents/project/DevOpsHelper/DevOpsHelper/backend/faq-service)
2024-06-17T01:48:21.323+09:00 DEBUG 11649 --- [restartedMain] c.k.f.FaqnaServiceApplication            : Running with Spring Boot v3.2.5, Spring v6.1.6
2024-06-17T01:48:21.324+09:00  INFO 11649 --- [restartedMain] c.k.f.FaqnaServiceApplication            : No active profile set, falling back to 1 default profile: "default"
2024-06-17T01:48:21.344+09:00  INFO 11649 --- [restartedMain] .e.DevToolsPropertyDefaultsPostProcessor : Devtools property defaults active! Set 'spring.devtools.add-properties' to 'false' to disable
2024-06-17T01:48:21.344+09:00  INFO 11649 --- [restartedMain] .e.DevToolsPropertyDefaultsPostProcessor : For additional web related logging consider setting the 'logging.level.web' property to 'DEBUG'
2024-06-17T01:48:21.602+09:00  INFO 11649 --- [restartedMain] .s.d.r.c.RepositoryConfigurationDelegate : Bootstrapping Spring Data JPA repositories in DEFAULT mode.
2024-06-17T01:48:21.623+09:00  INFO 11649 --- [restartedMain] .s.d.r.c.RepositoryConfigurationDelegate : Finished Spring Data repository scanning in 18 ms. Found 1 JPA repository interface.
2024-06-17T01:48:21.834+09:00  INFO 11649 --- [restartedMain] o.s.b.w.embedded.tomcat.TomcatWebServer  : Tomcat initialized with port 8080 (http)
2024-06-17T01:48:21.840+09:00  INFO 11649 --- [restartedMain] o.apache.catalina.core.StandardService   : Starting service [Tomcat]
2024-06-17T01:48:21.840+09:00  INFO 11649 --- [restartedMain] o.apache.catalina.core.StandardEngine    : Starting Servlet engine: [Apache Tomcat/10.1.20]
2024-06-17T01:48:21.861+09:00  INFO 11649 --- [restartedMain] o.a.c.c.C.[Tomcat].[localhost].[/]       : Initializing Spring embedded WebApplicationContext
2024-06-17T01:48:21.862+09:00  INFO 11649 --- [restartedMain] w.s.c.ServletWebServerApplicationContext : Root WebApplicationContext: initialization completed in 517 ms
2024-06-17T01:48:21.927+09:00  INFO 11649 --- [restartedMain] o.hibernate.jpa.internal.util.LogHelper  : HHH000204: Processing PersistenceUnitInfo [name: default]
2024-06-17T01:48:21.951+09:00  INFO 11649 --- [restartedMain] org.hibernate.Version                    : HHH000412: Hibernate ORM core version 6.4.4.Final
2024-06-17T01:48:21.966+09:00  INFO 11649 --- [restartedMain] o.h.c.internal.RegionFactoryInitiator    : HHH000026: Second-level cache disabled
2024-06-17T01:48:22.063+09:00  INFO 11649 --- [restartedMain] o.s.o.j.p.SpringPersistenceUnitInfo      : No LoadTimeWeaver setup: ignoring JPA class transformer
2024-06-17T01:48:22.076+09:00  INFO 11649 --- [restartedMain] com.zaxxer.hikari.HikariDataSource       : HikariPool-1 - Starting...
2024-06-17T01:48:22.113+09:00  INFO 11649 --- [restartedMain] com.zaxxer.hikari.pool.HikariPool        : HikariPool-1 - Added connection org.mariadb.jdbc.Connection@2c2a5cb6
2024-06-17T01:48:22.113+09:00  INFO 11649 --- [restartedMain] com.zaxxer.hikari.HikariDataSource       : HikariPool-1 - Start completed.
2024-06-17T01:48:22.125+09:00  WARN 11649 --- [restartedMain] org.hibernate.orm.deprecation            : HHH90000025: MariaDB106Dialect does not need to be specified explicitly using 'hibernate.dialect' (remove the property setting and it will be selected by default)
2024-06-17T01:48:22.125+09:00  WARN 11649 --- [restartedMain] org.hibernate.orm.deprecation            : HHH90000026: MariaDB106Dialect has been deprecated; use org.hibernate.dialect.MariaDBDialect instead
2024-06-17T01:48:22.459+09:00  INFO 11649 --- [restartedMain] o.h.e.t.j.p.i.JtaPlatformInitiator       : HHH000489: No JTA platform available (set 'hibernate.transaction.jta.platform' to enable JTA platform integration)
2024-06-17T01:48:22.522+09:00  INFO 11649 --- [restartedMain] j.LocalContainerEntityManagerFactoryBean : Initialized JPA EntityManagerFactory for persistence unit 'default'
2024-06-17T01:48:22.627+09:00  WARN 11649 --- [restartedMain] JpaBaseConfiguration$JpaWebConfiguration : spring.jpa.open-in-view is enabled by default. Therefore, database queries may be performed during view rendering. Explicitly configure spring.jpa.open-in-view to disable this warning
2024-06-17T01:48:22.760+09:00  INFO 11649 --- [restartedMain] o.s.b.d.a.OptionalLiveReloadServer       : LiveReload server is running on port 35729
2024-06-17T01:48:22.774+09:00  INFO 11649 --- [restartedMain] o.s.b.w.embedded.tomcat.TomcatWebServer  : Tomcat started on port 8080 (http) with context path ''
2024-06-17T01:48:22.780+09:00  INFO 11649 --- [restartedMain] c.k.f.FaqnaServiceApplication            : Started FaqnaServiceApplication in 1.617 seconds (process running for 1.876)
2024-06-17T01:49:36.964+09:00  INFO 11649 --- [RMI TCP Connection(5)-127.0.0.1] inMXBeanRegistrar$SpringApplicationAdmin : Application shutdown requested.
2024-06-17T01:49:36.997+09:00  INFO 11649 --- [RMI TCP Connection(5)-127.0.0.1] j.LocalContainerEntityManagerFactoryBean : Closing JPA EntityManagerFactory for persistence unit 'default'
2024-06-17T01:49:37.001+09:00  INFO 11649 --- [RMI TCP Connection(5)-127.0.0.1] com.zaxxer.hikari.HikariDataSource       : HikariPool-1 - Shutdown initiated...
2024-06-17T01:49:37.003+09:00  INFO 11649 --- [RMI TCP Connection(5)-127.0.0.1] com.zaxxer.hikari.HikariDataSource       : HikariPool-1 - Shutdown completed.
