2024-06-16T23:31:18.904+09:00  INFO 1306 --- [restartedMain] c.k.d.c.CommonModuleApplication          : Starting CommonModuleApplication using Java 17.0.5 with PID 1306 (/Users/ieunju/Documents/project/DevOpsHelper/DevOpsHelper/backend/DevOpsHelper/common-module/bin/main started by ieunju in /Users/ieunju/Documents/project/DevOpsHelper/DevOpsHelper/backend/DevOpsHelper/common-module)
2024-06-16T23:31:18.905+09:00  INFO 1306 --- [restartedMain] c.k.d.c.CommonModuleApplication          : No active profile set, falling back to 1 default profile: "default"
2024-06-16T23:31:18.922+09:00  INFO 1306 --- [restartedMain] .e.DevToolsPropertyDefaultsPostProcessor : Devtools property defaults active! Set 'spring.devtools.add-properties' to 'false' to disable
2024-06-16T23:31:18.922+09:00  INFO 1306 --- [restartedMain] .e.DevToolsPropertyDefaultsPostProcessor : For additional web related logging consider setting the 'logging.level.web' property to 'DEBUG'
2024-06-16T23:31:19.160+09:00  INFO 1306 --- [restartedMain] .s.d.r.c.RepositoryConfigurationDelegate : Bootstrapping Spring Data JPA repositories in DEFAULT mode.
2024-06-16T23:31:19.169+09:00  INFO 1306 --- [restartedMain] .s.d.r.c.RepositoryConfigurationDelegate : Finished Spring Data repository scanning in 5 ms. Found 0 JPA repository interfaces.
2024-06-16T23:31:19.379+09:00  INFO 1306 --- [restartedMain] o.s.b.w.embedded.tomcat.TomcatWebServer  : Tomcat initialized with port 8081 (http)
2024-06-16T23:31:19.385+09:00  INFO 1306 --- [restartedMain] o.apache.catalina.core.StandardService   : Starting service [Tomcat]
2024-06-16T23:31:19.385+09:00  INFO 1306 --- [restartedMain] o.apache.catalina.core.StandardEngine    : Starting Servlet engine: [Apache Tomcat/10.1.24]
2024-06-16T23:31:19.406+09:00  INFO 1306 --- [restartedMain] o.a.c.c.C.[Tomcat].[localhost].[/]       : Initializing Spring embedded WebApplicationContext
2024-06-16T23:31:19.406+09:00  INFO 1306 --- [restartedMain] w.s.c.ServletWebServerApplicationContext : Root WebApplicationContext: initialization completed in 484 ms
2024-06-16T23:31:19.436+09:00  WARN 1306 --- [restartedMain] ConfigServletWebServerApplicationContext : Exception encountered during context initialization - cancelling refresh attempt: org.springframework.beans.factory.BeanCreationException: Error creating bean with name 'entityManagerFactory' defined in class path resource [org/springframework/boot/autoconfigure/orm/jpa/HibernateJpaConfiguration.class]: Failed to initialize dependency 'dataSourceScriptDatabaseInitializer' of LoadTimeWeaverAware bean 'entityManagerFactory': Error creating bean with name 'dataSourceScriptDatabaseInitializer' defined in class path resource [org/springframework/boot/autoconfigure/sql/init/DataSourceInitializationConfiguration.class]: Unsatisfied dependency expressed through method 'dataSourceScriptDatabaseInitializer' parameter 0: Error creating bean with name 'dataSource' defined in class path resource [org/springframework/boot/autoconfigure/jdbc/DataSourceConfiguration$Hikari.class]: Failed to instantiate [com.zaxxer.hikari.HikariDataSource]: Factory method 'dataSource' threw exception with message: Failed to determine a suitable driver class
2024-06-16T23:31:19.437+09:00  INFO 1306 --- [restartedMain] o.apache.catalina.core.StandardService   : Stopping service [Tomcat]
2024-06-16T23:31:19.445+09:00  INFO 1306 --- [restartedMain] .s.b.a.l.ConditionEvaluationReportLogger : 

Error starting ApplicationContext. To display the condition evaluation report re-run your application with 'debug' enabled.
2024-06-16T23:31:19.453+09:00 ERROR 1306 --- [restartedMain] o.s.b.d.LoggingFailureAnalysisReporter   : 

***************************
APPLICATION FAILED TO START
***************************

Description:

Failed to configure a DataSource: 'url' attribute is not specified and no embedded datasource could be configured.

Reason: Failed to determine a suitable driver class


Action:

Consider the following:
	If you want an embedded database (H2, HSQL or Derby), please put it on the classpath.
	If you have database settings to be loaded from a particular profile you may need to activate it (no profiles are currently active).

